[DEBUG] 2025-05-17 15:39:21.683 [main] TestNG - suiteXmlPath: "C:\Users\user\AppData\Local\JetBrains\IntelliJIdea2025.1\temp-testng-customsuite.xml"
[INFO ] 2025-05-17 15:39:23.781 [main] Utils - [TestNG] Running:
  C:\Users\user\AppData\Local\JetBrains\IntelliJIdea2025.1\temp-testng-customsuite.xml

[INFO ] 2025-05-17 15:39:24.354 [main] LoggerClass - 🚀 Starting Test Suite: Default Suite
[INFO ] 2025-05-17 15:39:24.503 [main] LoggerClass - ✅ [PropertiesReader] Loading properties from: C:\Users\user\Desktop\Task\AutoTask\src\main\resources\allure.properties
[INFO ] 2025-05-17 15:39:24.505 [main] LoggerClass - ✅ [PropertiesReader] Loading properties from: C:\Users\user\Desktop\Task\AutoTask\src\main\resources\configuration.properties
[INFO ] 2025-05-17 15:39:24.510 [main] LoggerClass - ✅ [PropertiesReader] Loading properties from: C:\Users\user\Desktop\Task\AutoTask\src\main\resources\log4j2.properties
[INFO ] 2025-05-17 15:39:24.512 [main] LoggerClass - ✅ [PropertiesReader] Properties loaded successfully.
[INFO ] 2025-05-17 15:39:24.775 [main] LoggerClass - 🔹 [PropertiesReader] Setting System Property: appender.console.type = Console
[INFO ] 2025-05-17 15:39:24.776 [main] LoggerClass - 🔹 [PropertiesReader] Setting System Property: appender.console.layout.pattern = %d{yyyy-MMMM-dd : hh:mm:ss a } %highlight{${LOG_LEVEL_PATTERN:-%5p}}{FATAL=red blink, ERROR=red, WARN=yellow bold, INFO=green, DEBUG=green bold, TRACE=blue} %style{[%t]}{magenta} %style{%logger{36}}{cyan} : %m%n${LOG_EXCEPTION_CONVERSION_WORD:-}
[INFO ] 2025-05-17 15:39:24.777 [main] LoggerClass - 🔹 [PropertiesReader] Setting System Property: java.specification.version = 17
[INFO ] 2025-05-17 15:39:24.778 [main] LoggerClass - 🔹 [PropertiesReader] Setting System Property: sun.cpu.isalist = amd64
[INFO ] 2025-05-17 15:39:24.779 [main] LoggerClass - 🔹 [PropertiesReader] Setting System Property: sun.jnu.encoding = Cp1252
[INFO ] 2025-05-17 15:39:24.779 [main] LoggerClass - 🔹 [PropertiesReader] Setting System Property: kotlinx.coroutines.debug.enable.mutable.state.flows.stack.trace = true
[INFO ] 2025-05-17 15:39:24.780 [main] LoggerClass - 🔹 [PropertiesReader] Setting System Property: sun.arch.data.model = 64
[INFO ] 2025-05-17 15:39:24.781 [main] LoggerClass - 🔹 [PropertiesReader] Setting System Property: idea.test.cyclic.buffer.size = 1048576
[INFO ] 2025-05-17 15:39:24.781 [main] LoggerClass - 🔹 [PropertiesReader] Setting System Property: maximize = true
[INFO ] 2025-05-17 15:39:24.782 [main] LoggerClass - 🔹 [PropertiesReader] Setting System Property: java.vendor.url = https://java.oracle.com/
[INFO ] 2025-05-17 15:39:24.783 [main] LoggerClass - 🔹 [PropertiesReader] Setting System Property: height = 768
[INFO ] 2025-05-17 15:39:24.783 [main] LoggerClass - 🔹 [PropertiesReader] Setting System Property: sun.boot.library.path = C:\Program Files\Java\jdk-17\bin
[INFO ] 2025-05-17 15:39:24.784 [main] LoggerClass - 🔹 [PropertiesReader] Setting System Property: sun.java.command = com.intellij.rt.testng.RemoteTestNGStarter -usedefaultlisteners false -socket14564 @w@C:\Users\user\AppData\Local\Temp\idea_working_dirs_testng.tmp -temp C:\Users\user\AppData\Local\Temp\idea_testng.tmp
[INFO ] 2025-05-17 15:39:24.787 [main] LoggerClass - 🔹 [PropertiesReader] Setting System Property: jdk.debug = release
[INFO ] 2025-05-17 15:39:24.788 [main] LoggerClass - 🔹 [PropertiesReader] Setting System Property: appender.console.filter.threshold.type = ThresholdFilter
[INFO ] 2025-05-17 15:39:24.788 [main] LoggerClass - 🔹 [PropertiesReader] Setting System Property: java.specification.vendor = Oracle Corporation
[INFO ] 2025-05-17 15:39:24.789 [main] LoggerClass - 🔹 [PropertiesReader] Setting System Property: java.version.date = 2024-07-16
[INFO ] 2025-05-17 15:39:24.790 [main] LoggerClass - 🔹 [PropertiesReader] Setting System Property: java.home = C:\Program Files\Java\jdk-17
[INFO ] 2025-05-17 15:39:24.791 [main] LoggerClass - 🔹 [PropertiesReader] Setting System Property: file.separator = \
[INFO ] 2025-05-17 15:39:24.791 [main] LoggerClass - 🔹 [PropertiesReader] Setting System Property: java.vm.compressedOopsMode = 32-bit
[INFO ] 2025-05-17 15:39:24.792 [main] LoggerClass - 🔹 [PropertiesReader] Setting System Property: line.separator = 

[INFO ] 2025-05-17 15:39:24.793 [main] LoggerClass - 🔹 [PropertiesReader] Setting System Property: java.vm.specification.vendor = Oracle Corporation
[INFO ] 2025-05-17 15:39:24.794 [main] LoggerClass - 🔹 [PropertiesReader] Setting System Property: java.specification.name = Java Platform API Specification
[INFO ] 2025-05-17 15:39:24.795 [main] LoggerClass - 🔹 [PropertiesReader] Setting System Property: intellij.debug.agent = true
[INFO ] 2025-05-17 15:39:24.796 [main] LoggerClass - 🔹 [PropertiesReader] Setting System Property: appender.file.layout.pattern = [%-5level] %d{yyyy-MM-dd HH:mm:ss.SSS} [%t] %c{1} - %msg%n
[INFO ] 2025-05-17 15:39:24.796 [main] LoggerClass - 🔹 [PropertiesReader] Setting System Property: remote.execution.host = localhost
[INFO ] 2025-05-17 15:39:24.799 [main] LoggerClass - 🔹 [PropertiesReader] Setting System Property: rootLogger = debug, STDOUT, LOGFILE
[INFO ] 2025-05-17 15:39:24.807 [main] LoggerClass - 🔹 [PropertiesReader] Setting System Property: user.script = 
[INFO ] 2025-05-17 15:39:24.807 [main] LoggerClass - 🔹 [PropertiesReader] Setting System Property: appender.file.layout.type = PatternLayout
[INFO ] 2025-05-17 15:39:24.808 [main] LoggerClass - 🔹 [PropertiesReader] Setting System Property: sun.management.compiler = HotSpot 64-Bit Tiered Compilers
[INFO ] 2025-05-17 15:39:24.812 [main] LoggerClass - 🔹 [PropertiesReader] Setting System Property: java.runtime.version = 17.0.12+8-LTS-286
[INFO ] 2025-05-17 15:39:24.812 [main] LoggerClass - 🔹 [PropertiesReader] Setting System Property: appender.file.fileName = target/logs/execution logs.log
[INFO ] 2025-05-17 15:39:24.813 [main] LoggerClass - 🔹 [PropertiesReader] Setting System Property: user.name = user
[INFO ] 2025-05-17 15:39:24.813 [main] LoggerClass - 🔹 [PropertiesReader] Setting System Property: file.encoding = UTF-8
[INFO ] 2025-05-17 15:39:24.814 [main] LoggerClass - 🔹 [PropertiesReader] Setting System Property: appender.file.filter.threshold.type = ThresholdFilter
[INFO ] 2025-05-17 15:39:24.815 [main] LoggerClass - 🔹 [PropertiesReader] Setting System Property: java.io.tmpdir = C:\Users\user\AppData\Local\Temp\
[INFO ] 2025-05-17 15:39:24.816 [main] LoggerClass - 🔹 [PropertiesReader] Setting System Property: remote.execution.port = 4444
[INFO ] 2025-05-17 15:39:24.816 [main] LoggerClass - 🔹 [PropertiesReader] Setting System Property: java.version = 17.0.12
[INFO ] 2025-05-17 15:39:24.817 [main] LoggerClass - 🔹 [PropertiesReader] Setting System Property: jboss.modules.system.pkgs = com.intellij.rt
[INFO ] 2025-05-17 15:39:24.817 [main] LoggerClass - 🔹 [PropertiesReader] Setting System Property: webdriver.wait = 60
[INFO ] 2025-05-17 15:39:24.818 [main] LoggerClass - 🔹 [PropertiesReader] Setting System Property: java.vm.specification.name = Java Virtual Machine Specification
[INFO ] 2025-05-17 15:39:24.818 [main] LoggerClass - 🔹 [PropertiesReader] Setting System Property: sun.os.patch.level = 
[INFO ] 2025-05-17 15:39:24.818 [main] LoggerClass - 🔹 [PropertiesReader] Setting System Property: native.encoding = Cp1252
[INFO ] 2025-05-17 15:39:24.819 [main] LoggerClass - 🔹 [PropertiesReader] Setting System Property: kotlinx.coroutines.debug.enable.flows.stack.trace = true
[INFO ] 2025-05-17 15:39:24.820 [main] LoggerClass - 🔹 [PropertiesReader] Setting System Property: java.library.path = C:\Program Files\Java\jdk-17\bin;C:\Windows\Sun\Java\bin;C:\Windows\system32;C:\Windows;C:\Program Files\Common Files\Oracle\Java\javapath;C:\Windows\system32;C:\Windows;C:\Windows\System32\Wbem;C:\Windows\System32\WindowsPowerShell\v1.0\;C:\Windows\System32\OpenSSH\;C:\Maven\apache-maven-3.9.9\bin;C:\Program Files\Java\jdk-17\bin;C:\Program Files\Git\cmd;C:\Users\user\AppData\Local\Microsoft\WindowsApps;;%Aqua%;.
[INFO ] 2025-05-17 15:39:24.821 [main] LoggerClass - 🔹 [PropertiesReader] Setting System Property: java.vendor = Oracle Corporation
[INFO ] 2025-05-17 15:39:24.822 [main] LoggerClass - 🔹 [PropertiesReader] Setting System Property: java.rmi.server.randomIDs = true
[INFO ] 2025-05-17 15:39:24.823 [main] LoggerClass - 🔹 [PropertiesReader] Setting System Property: width = 1024
[INFO ] 2025-05-17 15:39:24.823 [main] LoggerClass - 🔹 [PropertiesReader] Setting System Property: sun.io.unicode.encoding = UnicodeLittle
[INFO ] 2025-05-17 15:39:24.828 [main] LoggerClass - 🔹 [PropertiesReader] Setting System Property: debugger.agent.enable.coroutines = true
[INFO ] 2025-05-17 15:39:24.828 [main] LoggerClass - 🔹 [PropertiesReader] Setting System Property: browser.type = google chrome
[INFO ] 2025-05-17 15:39:24.828 [main] LoggerClass - 🔹 [PropertiesReader] Setting System Property: appender.console.filter.threshold.level = info
[INFO ] 2025-05-17 15:39:24.829 [main] LoggerClass - 🔹 [PropertiesReader] Setting System Property: java.class.path = C:\Program Files\JetBrains\IntelliJ IDEA 2025.1\lib\idea_rt.jar;C:\Program Files\JetBrains\IntelliJ IDEA 2025.1\plugins\testng\lib\testng-rt.jar;C:\Users\user\Desktop\Task\AutoTask\target\test-classes;C:\Users\user\Desktop\Task\AutoTask\target\classes;C:\Users\user\.m2\repository\org\seleniumhq\selenium\selenium-java\4.15.0\selenium-java-4.15.0.jar;C:\Users\user\.m2\repository\org\seleniumhq\selenium\selenium-api\4.15.0\selenium-api-4.15.0.jar;C:\Users\user\.m2\repository\org\seleniumhq\selenium\selenium-chrome-driver\4.15.0\selenium-chrome-driver-4.15.0.jar;C:\Users\user\.m2\repository\com\google\auto\service\auto-service-annotations\1.1.1\auto-service-annotations-1.1.1.jar;C:\Users\user\.m2\repository\org\seleniumhq\selenium\selenium-chromium-driver\4.15.0\selenium-chromium-driver-4.15.0.jar;C:\Users\user\.m2\repository\org\seleniumhq\selenium\selenium-json\4.15.0\selenium-json-4.15.0.jar;C:\Users\user\.m2\repository\org\seleniumhq\selenium\selenium-manager\4.15.0\selenium-manager-4.15.0.jar;C:\Users\user\.m2\repository\org\seleniumhq\selenium\selenium-devtools-v117\4.15.0\selenium-devtools-v117-4.15.0.jar;C:\Users\user\.m2\repository\org\seleniumhq\selenium\selenium-devtools-v118\4.15.0\selenium-devtools-v118-4.15.0.jar;C:\Users\user\.m2\repository\org\seleniumhq\selenium\selenium-devtools-v119\4.15.0\selenium-devtools-v119-4.15.0.jar;C:\Users\user\.m2\repository\org\seleniumhq\selenium\selenium-devtools-v85\4.15.0\selenium-devtools-v85-4.15.0.jar;C:\Users\user\.m2\repository\org\seleniumhq\selenium\selenium-edge-driver\4.15.0\selenium-edge-driver-4.15.0.jar;C:\Users\user\.m2\repository\org\seleniumhq\selenium\selenium-firefox-driver\4.15.0\selenium-firefox-driver-4.15.0.jar;C:\Users\user\.m2\repository\org\seleniumhq\selenium\selenium-http\4.15.0\selenium-http-4.15.0.jar;C:\Users\user\.m2\repository\dev\failsafe\failsafe\3.3.2\failsafe-3.3.2.jar;C:\Users\user\.m2\repository\org\seleniumhq\selenium\selenium-ie-driver\4.15.0\selenium-ie-driver-4.15.0.jar;C:\Users\user\.m2\repository\org\seleniumhq\selenium\selenium-remote-driver\4.15.0\selenium-remote-driver-4.15.0.jar;C:\Users\user\.m2\repository\com\google\guava\guava\32.1.2-jre\guava-32.1.2-jre.jar;C:\Users\user\.m2\repository\com\google\guava\failureaccess\1.0.1\failureaccess-1.0.1.jar;C:\Users\user\.m2\repository\com\google\guava\listenablefuture\9999.0-empty-to-avoid-conflict-with-guava\listenablefuture-9999.0-empty-to-avoid-conflict-with-guava.jar;C:\Users\user\.m2\repository\com\google\code\findbugs\jsr305\3.0.2\jsr305-3.0.2.jar;C:\Users\user\.m2\repository\org\checkerframework\checker-qual\3.33.0\checker-qual-3.33.0.jar;C:\Users\user\.m2\repository\com\google\errorprone\error_prone_annotations\2.18.0\error_prone_annotations-2.18.0.jar;C:\Users\user\.m2\repository\com\google\j2objc\j2objc-annotations\2.8\j2objc-annotations-2.8.jar;C:\Users\user\.m2\repository\io\opentelemetry\opentelemetry-api\1.28.0\opentelemetry-api-1.28.0.jar;C:\Users\user\.m2\repository\io\opentelemetry\opentelemetry-context\1.28.0\opentelemetry-context-1.28.0.jar;C:\Users\user\.m2\repository\io\opentelemetry\opentelemetry-exporter-logging\1.28.0\opentelemetry-exporter-logging-1.28.0.jar;C:\Users\user\.m2\repository\io\opentelemetry\opentelemetry-sdk-metrics\1.28.0\opentelemetry-sdk-metrics-1.28.0.jar;C:\Users\user\.m2\repository\io\opentelemetry\opentelemetry-extension-incubator\1.28.0-alpha\opentelemetry-extension-incubator-1.28.0-alpha.jar;C:\Users\user\.m2\repository\io\opentelemetry\opentelemetry-sdk-logs\1.28.0\opentelemetry-sdk-logs-1.28.0.jar;C:\Users\user\.m2\repository\io\opentelemetry\opentelemetry-sdk-common\1.28.0\opentelemetry-sdk-common-1.28.0.jar;C:\Users\user\.m2\repository\io\opentelemetry\opentelemetry-sdk-extension-autoconfigure-spi\1.28.0\opentelemetry-sdk-extension-autoconfigure-spi-1.28.0.jar;C:\Users\user\.m2\repository\io\opentelemetry\opentelemetry-sdk-extension-autoconfigure\1.28.0\opentelemetry-sdk-extension-autoconfigure-1.28.0.jar;C:\Users\user\.m2\repository\io\opentelemetry\opentelemetry-api-events\1.28.0-alpha\opentelemetry-api-events-1.28.0-alpha.jar;C:\Users\user\.m2\repository\io\opentelemetry\opentelemetry-sdk-trace\1.28.0\opentelemetry-sdk-trace-1.28.0.jar;C:\Users\user\.m2\repository\io\opentelemetry\opentelemetry-sdk\1.28.0\opentelemetry-sdk-1.28.0.jar;C:\Users\user\.m2\repository\io\opentelemetry\opentelemetry-semconv\1.28.0-alpha\opentelemetry-semconv-1.28.0-alpha.jar;C:\Users\user\.m2\repository\net\bytebuddy\byte-buddy\1.14.5\byte-buddy-1.14.5.jar;C:\Users\user\.m2\repository\org\seleniumhq\selenium\selenium-os\4.15.0\selenium-os-4.15.0.jar;C:\Users\user\.m2\repository\org\apache\commons\commons-exec\1.3\commons-exec-1.3.jar;C:\Users\user\.m2\repository\org\seleniumhq\selenium\selenium-safari-driver\4.15.0\selenium-safari-driver-4.15.0.jar;C:\Users\user\.m2\repository\org\seleniumhq\selenium\selenium-support\4.15.0\selenium-support-4.15.0.jar;C:\Users\user\.m2\repository\io\github\bonigarcia\webdrivermanager\5.5.3\webdrivermanager-5.5.3.jar;C:\Users\user\.m2\repository\com\google\code\gson\gson\2.10.1\gson-2.10.1.jar;C:\Users\user\.m2\repository\com\github\docker-java\docker-java\3.3.3\docker-java-3.3.3.jar;C:\Users\user\.m2\repository\com\github\docker-java\docker-java-core\3.3.3\docker-java-core-3.3.3.jar;C:\Users\user\.m2\repository\com\github\docker-java\docker-java-api\3.3.3\docker-java-api-3.3.3.jar;C:\Users\user\.m2\repository\com\fasterxml\jackson\core\jackson-annotations\2.10.3\jackson-annotations-2.10.3.jar;C:\Users\user\.m2\repository\com\fasterxml\jackson\core\jackson-databind\2.10.3\jackson-databind-2.10.3.jar;C:\Users\user\.m2\repository\com\fasterxml\jackson\core\jackson-core\2.10.3\jackson-core-2.10.3.jar;C:\Users\user\.m2\repository\org\bouncycastle\bcpkix-jdk18on\1.75\bcpkix-jdk18on-1.75.jar;C:\Users\user\.m2\repository\org\bouncycastle\bcprov-jdk18on\1.75\bcprov-jdk18on-1.75.jar;C:\Users\user\.m2\repository\org\bouncycastle\bcutil-jdk18on\1.75\bcutil-jdk18on-1.75.jar;C:\Users\user\.m2\repository\org\slf4j\jcl-over-slf4j\1.7.30\jcl-over-slf4j-1.7.30.jar;C:\Users\user\.m2\repository\com\github\docker-java\docker-java-transport-httpclient5\3.3.3\docker-java-transport-httpclient5-3.3.3.jar;C:\Users\user\.m2\repository\com\github\docker-java\docker-java-transport\3.3.3\docker-java-transport-3.3.3.jar;C:\Users\user\.m2\repository\net\java\dev\jna\jna\5.12.1\jna-5.12.1.jar;C:\Users\user\.m2\repository\org\brotli\dec\0.1.2\dec-0.1.2.jar;C:\Users\user\.m2\repository\org\apache\commons\commons-lang3\3.13.0\commons-lang3-3.13.0.jar;C:\Users\user\.m2\repository\org\apache\httpcomponents\client5\httpclient5\5.2.1\httpclient5-5.2.1.jar;C:\Users\user\.m2\repository\org\apache\httpcomponents\core5\httpcore5\5.2\httpcore5-5.2.jar;C:\Users\user\.m2\repository\org\apache\httpcomponents\core5\httpcore5-h2\5.2\httpcore5-h2-5.2.jar;C:\Users\user\.m2\repository\org\testng\testng\7.10.0\testng-7.10.0.jar;C:\Users\user\.m2\repository\com\beust\jcommander\1.82\jcommander-1.82.jar;C:\Users\user\.m2\repository\org\webjars\jquery\3.7.1\jquery-3.7.1.jar;C:\Users\user\.m2\repository\io\rest-assured\rest-assured\5.3.0\rest-assured-5.3.0.jar;C:\Users\user\.m2\repository\org\apache\groovy\groovy\4.0.6\groovy-4.0.6.jar;C:\Users\user\.m2\repository\org\apache\groovy\groovy-xml\4.0.6\groovy-xml-4.0.6.jar;C:\Users\user\.m2\repository\org\apache\httpcomponents\httpclient\4.5.13\httpclient-4.5.13.jar;C:\Users\user\.m2\repository\org\apache\httpcomponents\httpcore\4.4.13\httpcore-4.4.13.jar;C:\Users\user\.m2\repository\commons-logging\commons-logging\1.2\commons-logging-1.2.jar;C:\Users\user\.m2\repository\commons-codec\commons-codec\1.11\commons-codec-1.11.jar;C:\Users\user\.m2\repository\org\apache\httpcomponents\httpmime\4.5.13\httpmime-4.5.13.jar;C:\Users\user\.m2\repository\org\hamcrest\hamcrest\2.1\hamcrest-2.1.jar;C:\Users\user\.m2\repository\org\ccil\cowan\tagsoup\tagsoup\1.2.1\tagsoup-1.2.1.jar;C:\Users\user\.m2\repository\io\rest-assured\json-path\5.3.0\json-path-5.3.0.jar;C:\Users\user\.m2\repository\org\apache\groovy\groovy-json\4.0.6\groovy-json-4.0.6.jar;C:\Users\user\.m2\repository\io\rest-assured\rest-assured-common\5.3.0\rest-assured-common-5.3.0.jar;C:\Users\user\.m2\repository\io\rest-assured\xml-path\5.3.0\xml-path-5.3.0.jar;C:\Users\user\.m2\repository\com\jayway\jsonpath\json-path\2.9.0\json-path-2.9.0.jar;C:\Users\user\.m2\repository\net\minidev\json-smart\2.5.0\json-smart-2.5.0.jar;C:\Users\user\.m2\repository\net\minidev\accessors-smart\2.5.0\accessors-smart-2.5.0.jar;C:\Users\user\.m2\repository\org\ow2\asm\asm\9.3\asm-9.3.jar;C:\Users\user\.m2\repository\org\apache\poi\poi-ooxml\5.4.0\poi-ooxml-5.4.0.jar;C:\Users\user\.m2\repository\org\apache\poi\poi\5.4.0\poi-5.4.0.jar;C:\Users\user\.m2\repository\org\apache\commons\commons-math3\3.6.1\commons-math3-3.6.1.jar;C:\Users\user\.m2\repository\com\zaxxer\SparseBitSet\1.3\SparseBitSet-1.3.jar;C:\Users\user\.m2\repository\org\apache\poi\poi-ooxml-lite\5.4.0\poi-ooxml-lite-5.4.0.jar;C:\Users\user\.m2\repository\org\apache\xmlbeans\xmlbeans\5.3.0\xmlbeans-5.3.0.jar;C:\Users\user\.m2\repository\org\apache\commons\commons-compress\1.27.1\commons-compress-1.27.1.jar;C:\Users\user\.m2\repository\com\github\virtuald\curvesapi\1.08\curvesapi-1.08.jar;C:\Users\user\.m2\repository\org\apache\commons\commons-collections4\4.4\commons-collections4-4.4.jar;C:\Users\user\.m2\repository\commons-io\commons-io\2.13.0\commons-io-2.13.0.jar;C:\Users\user\.m2\repository\io\qameta\allure\allure-testng\2.29.0\allure-testng-2.29.0.jar;C:\Users\user\.m2\repository\io\qameta\allure\allure-java-commons\2.29.0\allure-java-commons-2.29.0.jar;C:\Users\user\.m2\repository\io\qameta\allure\allure-model\2.29.0\allure-model-2.29.0.jar;C:\Users\user\.m2\repository\io\qameta\allure\allure-test-filter\2.29.0\allure-test-filter-2.29.0.jar;C:\Users\user\.m2\repository\com\aventstack\extentreports\5.0.9\extentreports-5.0.9.jar;C:\Users\user\.m2\repository\io\reactivex\rxjava3\rxjava\3.0.4\rxjava-3.0.4.jar;C:\Users\user\.m2\repository\org\reactivestreams\reactive-streams\1.0.3\reactive-streams-1.0.3.jar;C:\Users\user\.m2\repository\org\freemarker\freemarker\2.3.30\freemarker-2.3.30.jar;C:\Users\user\.m2\repository\org\aspectj\aspectjweaver\1.9.22\aspectjweaver-1.9.22.jar;C:\Users\user\.m2\repository\org\slf4j\slf4j-api\2.0.9\slf4j-api-2.0.9.jar;C:\Users\user\.m2\repository\com\googlecode\json-simple\json-simple\1.1.1\json-simple-1.1.1.jar;C:\Users\user\.m2\repository\org\projectlombok\lombok\1.18.28\lombok-1.18.28.jar;C:\Users\user\.m2\repository\org\apache\logging\log4j\log4j-core\2.22.0\log4j-core-2.22.0.jar;C:\Users\user\.m2\repository\org\apache\logging\log4j\log4j-api\2.22.0\log4j-api-2.22.0.jar;C:\Users\user\.m2\repository\org\apache\logging\log4j\log4j-slf4j2-impl\2.22.0\log4j-slf4j2-impl-2.22.0.jar;C:\Users\user\.m2\repository\com\automation-remarks\video-recorder-testng\2.0\video-recorder-testng-2.0.jar;C:\Users\user\.m2\repository\com\automation-remarks\video-recorder-core\2.0\video-recorder-core-2.0.jar;C:\Users\user\.m2\repository\org\aeonbits\owner\owner-java8\1.0.10\owner-java8-1.0.10.jar;C:\Users\user\.m2\repository\org\aeonbits\owner\owner\1.0.10\owner-1.0.10.jar;C:\Users\user\.m2\repository\org\zeroturnaround\zt-exec\1.10\zt-exec-1.10.jar;C:\Users\user\.m2\repository\org\awaitility\awaitility\3.1.6\awaitility-3.1.6.jar;C:\Users\user\.m2\repository\org\hamcrest\hamcrest-library\1.3\hamcrest-library-1.3.jar;C:\Users\user\.m2\repository\org\hamcrest\hamcrest-core\1.3\hamcrest-core-1.3.jar;C:\Users\user\.m2\repository\org\objenesis\objenesis\2.6\objenesis-2.6.jar;C:\Users\user\.m2\repository\log4j\log4j\1.2.17\log4j-1.2.17.jar;C:\Users\user\.m2\repository\org\json\json\20180813\json-20180813.jar
[INFO ] 2025-05-17 15:39:24.832 [main] LoggerClass - 🔹 [PropertiesReader] Setting System Property: java.vm.vendor = Oracle Corporation
[INFO ] 2025-05-17 15:39:24.833 [main] LoggerClass - 🔹 [PropertiesReader] Setting System Property: allure.report.directory = target/allure-report
[INFO ] 2025-05-17 15:39:24.833 [main] LoggerClass - 🔹 [PropertiesReader] Setting System Property: user.variant = 
[INFO ] 2025-05-17 15:39:24.834 [main] LoggerClass - 🔹 [PropertiesReader] Setting System Property: user.timezone = Africa/Cairo
[INFO ] 2025-05-17 15:39:24.838 [main] LoggerClass - 🔹 [PropertiesReader] Setting System Property: java.vm.specification.version = 17
[INFO ] 2025-05-17 15:39:24.839 [main] LoggerClass - 🔹 [PropertiesReader] Setting System Property: os.name = Windows 10
[INFO ] 2025-05-17 15:39:24.839 [main] LoggerClass - 🔹 [PropertiesReader] Setting System Property: allure.link.issue.pattern = https://en.wikipedia.org/wiki/{}
[INFO ] 2025-05-17 15:39:24.840 [main] LoggerClass - 🔹 [PropertiesReader] Setting System Property: sun.java.launcher = SUN_STANDARD
[INFO ] 2025-05-17 15:39:24.840 [main] LoggerClass - 🔹 [PropertiesReader] Setting System Property: user.country = US
[INFO ] 2025-05-17 15:39:24.841 [main] LoggerClass - 🔹 [PropertiesReader] Setting System Property: allure.results.directory = target/allure-results
[INFO ] 2025-05-17 15:39:24.841 [main] LoggerClass - 🔹 [PropertiesReader] Setting System Property: sun.cpu.endian = little
[INFO ] 2025-05-17 15:39:24.842 [main] LoggerClass - 🔹 [PropertiesReader] Setting System Property: user.home = C:\Users\user
[INFO ] 2025-05-17 15:39:24.850 [main] LoggerClass - 🔹 [PropertiesReader] Setting System Property: user.language = en
[INFO ] 2025-05-17 15:39:24.851 [main] LoggerClass - 🔹 [PropertiesReader] Setting System Property: allure.link.tms.pattern = https://en.wikipedia.org/wiki/{}
[INFO ] 2025-05-17 15:39:24.856 [main] LoggerClass - 🔹 [PropertiesReader] Setting System Property: appender.file.append = false
[INFO ] 2025-05-17 15:39:24.867 [main] LoggerClass - 🔹 [PropertiesReader] Setting System Property: log4j.appender.stdout = org.apache.log4j.ConsoleAppender
[INFO ] 2025-05-17 15:39:24.868 [main] LoggerClass - 🔹 [PropertiesReader] Setting System Property: name = PropertiesConfig
[INFO ] 2025-05-17 15:39:24.868 [main] LoggerClass - 🔹 [PropertiesReader] Setting System Property: appender.console.name = STDOUT
[INFO ] 2025-05-17 15:39:24.875 [main] LoggerClass - 🔹 [PropertiesReader] Setting System Property: appender.console.layout.type = PatternLayout
[INFO ] 2025-05-17 15:39:24.876 [main] LoggerClass - 🔹 [PropertiesReader] Setting System Property: appender.file.name = LOGFILE
[INFO ] 2025-05-17 15:39:24.876 [main] LoggerClass - 🔹 [PropertiesReader] Setting System Property: appender.console.layout.disableAnsi = false
[INFO ] 2025-05-17 15:39:24.878 [main] LoggerClass - 🔹 [PropertiesReader] Setting System Property: log4j.appender.stdout.layout = org.apache.log4j.PatternLayout
[INFO ] 2025-05-17 15:39:24.879 [main] LoggerClass - 🔹 [PropertiesReader] Setting System Property: allure.link.mylink.pattern = 
[INFO ] 2025-05-17 15:39:24.880 [main] LoggerClass - 🔹 [PropertiesReader] Setting System Property: log4j.appender.stdout.layout.ConversionPattern = %d{yyyy-MM-dd HH:mm:ss} [%t] %-5p %c - %m%n
[INFO ] 2025-05-17 15:39:24.880 [main] LoggerClass - 🔹 [PropertiesReader] Setting System Property: path.separator = ;
[INFO ] 2025-05-17 15:39:24.883 [main] LoggerClass - 🔹 [PropertiesReader] Setting System Property: kotlinx.coroutines.debug.enable.creation.stack.trace = false
[INFO ] 2025-05-17 15:39:24.884 [main] LoggerClass - 🔹 [PropertiesReader] Setting System Property: os.version = 10.0
[INFO ] 2025-05-17 15:39:24.892 [main] LoggerClass - 🔹 [PropertiesReader] Setting System Property: java.runtime.name = Java(TM) SE Runtime Environment
[INFO ] 2025-05-17 15:39:24.893 [main] LoggerClass - 🔹 [PropertiesReader] Setting System Property: websitename.baseurl = https://www.saucedemo.com/
[INFO ] 2025-05-17 15:39:24.895 [main] LoggerClass - 🔹 [PropertiesReader] Setting System Property: java.vm.name = Java HotSpot(TM) 64-Bit Server VM
[INFO ] 2025-05-17 15:39:24.895 [main] LoggerClass - 🔹 [PropertiesReader] Setting System Property: java.vendor.url.bug = https://bugreport.java.com/bugreport/
[INFO ] 2025-05-17 15:39:24.895 [main] LoggerClass - 🔹 [PropertiesReader] Setting System Property: user.dir = C:\Users\user\Desktop\Task\AutoTask
[INFO ] 2025-05-17 15:39:24.898 [main] LoggerClass - 🔹 [PropertiesReader] Setting System Property: os.arch = amd64
[INFO ] 2025-05-17 15:39:24.899 [main] LoggerClass - 🔹 [PropertiesReader] Setting System Property: appender.file.type = File
[INFO ] 2025-05-17 15:39:24.899 [main] LoggerClass - 🔹 [PropertiesReader] Setting System Property: appender.file.filter.threshold.level = debug
[INFO ] 2025-05-17 15:39:24.900 [main] LoggerClass - 🔹 [PropertiesReader] Setting System Property: java.vm.info = mixed mode, sharing
[INFO ] 2025-05-17 15:39:24.900 [main] LoggerClass - 🔹 [PropertiesReader] Setting System Property: java.vm.version = 17.0.12+8-LTS-286
[INFO ] 2025-05-17 15:39:24.900 [main] LoggerClass - 🔹 [PropertiesReader] Setting System Property: execution.type = Local
[INFO ] 2025-05-17 15:39:24.901 [main] LoggerClass - 🔹 [PropertiesReader] Setting System Property: log4j.rootLogger = INFO, stdout
[INFO ] 2025-05-17 15:39:24.901 [main] LoggerClass - 🔹 [PropertiesReader] Setting System Property: java.class.version = 61.0
[INFO ] 2025-05-17 15:39:24.906 [main] LoggerClass - ✅ [PropertiesReader] Loading properties from: C:\Users\user\Desktop\Task\AutoTask\src\main\resources\allure.properties
[INFO ] 2025-05-17 15:39:24.907 [main] LoggerClass - ✅ [PropertiesReader] Loading properties from: C:\Users\user\Desktop\Task\AutoTask\src\main\resources\configuration.properties
[INFO ] 2025-05-17 15:39:24.920 [main] LoggerClass - ✅ [PropertiesReader] Loading properties from: C:\Users\user\Desktop\Task\AutoTask\src\main\resources\log4j2.properties
[INFO ] 2025-05-17 15:39:24.921 [main] LoggerClass - ✅ [PropertiesReader] Properties loaded successfully.
[INFO ] 2025-05-17 15:39:24.959 [main] LoggerClass - 🔹 [PropertiesReader] Setting System Property: appender.console.type = Console
[INFO ] 2025-05-17 15:39:24.960 [main] LoggerClass - 🔹 [PropertiesReader] Setting System Property: appender.console.layout.pattern = %d{yyyy-MMMM-dd : hh:mm:ss a } %highlight{${LOG_LEVEL_PATTERN:-%5p}}{FATAL=red blink, ERROR=red, WARN=yellow bold, INFO=green, DEBUG=green bold, TRACE=blue} %style{[%t]}{magenta} %style{%logger{36}}{cyan} : %m%n${LOG_EXCEPTION_CONVERSION_WORD:-}
[INFO ] 2025-05-17 15:39:24.961 [main] LoggerClass - 🔹 [PropertiesReader] Setting System Property: java.specification.version = 17
[INFO ] 2025-05-17 15:39:24.962 [main] LoggerClass - 🔹 [PropertiesReader] Setting System Property: sun.cpu.isalist = amd64
[INFO ] 2025-05-17 15:39:24.962 [main] LoggerClass - 🔹 [PropertiesReader] Setting System Property: kotlinx.coroutines.debug.enable.mutable.state.flows.stack.trace = true
[INFO ] 2025-05-17 15:39:24.963 [main] LoggerClass - 🔹 [PropertiesReader] Setting System Property: sun.arch.data.model = 64
[INFO ] 2025-05-17 15:39:24.963 [main] LoggerClass - 🔹 [PropertiesReader] Setting System Property: idea.test.cyclic.buffer.size = 1048576
[INFO ] 2025-05-17 15:39:25.160 [main] LoggerClass - 🔹 [PropertiesReader] Setting System Property: maximize = true
[INFO ] 2025-05-17 15:39:25.160 [main] LoggerClass - 🔹 [PropertiesReader] Setting System Property: java.vendor.url = https://java.oracle.com/
[INFO ] 2025-05-17 15:39:25.161 [main] LoggerClass - 🔹 [PropertiesReader] Setting System Property: height = 768
[INFO ] 2025-05-17 15:39:25.162 [main] LoggerClass - 🔹 [PropertiesReader] Setting System Property: sun.boot.library.path = C:\Program Files\Java\jdk-17\bin
[INFO ] 2025-05-17 15:39:25.164 [main] LoggerClass - 🔹 [PropertiesReader] Setting System Property: sun.java.command = com.intellij.rt.testng.RemoteTestNGStarter -usedefaultlisteners false -socket14564 @w@C:\Users\user\AppData\Local\Temp\idea_working_dirs_testng.tmp -temp C:\Users\user\AppData\Local\Temp\idea_testng.tmp
[INFO ] 2025-05-17 15:39:25.164 [main] LoggerClass - 🔹 [PropertiesReader] Setting System Property: jdk.debug = release
[INFO ] 2025-05-17 15:39:25.164 [main] LoggerClass - 🔹 [PropertiesReader] Setting System Property: appender.console.filter.threshold.type = ThresholdFilter
[INFO ] 2025-05-17 15:39:25.164 [main] LoggerClass - 🔹 [PropertiesReader] Setting System Property: java.specification.vendor = Oracle Corporation
[INFO ] 2025-05-17 15:39:25.165 [main] LoggerClass - 🔹 [PropertiesReader] Setting System Property: java.version.date = 2024-07-16
[INFO ] 2025-05-17 15:39:25.165 [main] LoggerClass - 🔹 [PropertiesReader] Setting System Property: java.home = C:\Program Files\Java\jdk-17
[INFO ] 2025-05-17 15:39:25.165 [main] LoggerClass - 🔹 [PropertiesReader] Setting System Property: java.specification.name = Java Platform API Specification
[INFO ] 2025-05-17 15:39:25.165 [main] LoggerClass - 🔹 [PropertiesReader] Setting System Property: java.vm.specification.vendor = Oracle Corporation
[INFO ] 2025-05-17 15:39:25.165 [main] LoggerClass - 🔹 [PropertiesReader] Setting System Property: rootLogger = debug, STDOUT, LOGFILE
[INFO ] 2025-05-17 15:39:25.166 [main] LoggerClass - 🔹 [PropertiesReader] Setting System Property: user.script = 
[INFO ] 2025-05-17 15:39:25.167 [main] LoggerClass - 🔹 [PropertiesReader] Setting System Property: appender.file.layout.type = PatternLayout
[INFO ] 2025-05-17 15:39:25.167 [main] LoggerClass - 🔹 [PropertiesReader] Setting System Property: sun.management.compiler = HotSpot 64-Bit Tiered Compilers
[INFO ] 2025-05-17 15:39:25.172 [main] LoggerClass - 🔹 [PropertiesReader] Setting System Property: java.runtime.version = 17.0.12+8-LTS-286
[INFO ] 2025-05-17 15:39:25.176 [main] LoggerClass - 🔹 [PropertiesReader] Setting System Property: appender.file.fileName = target/logs/execution logs.log
[INFO ] 2025-05-17 15:39:25.179 [main] LoggerClass - 🔹 [PropertiesReader] Setting System Property: file.encoding = UTF-8
[INFO ] 2025-05-17 15:39:25.180 [main] LoggerClass - 🔹 [PropertiesReader] Setting System Property: appender.file.filter.threshold.type = ThresholdFilter
[INFO ] 2025-05-17 15:39:25.180 [main] LoggerClass - 🔹 [PropertiesReader] Setting System Property: java.io.tmpdir = C:\Users\user\AppData\Local\Temp\
[INFO ] 2025-05-17 15:39:25.180 [main] LoggerClass - 🔹 [PropertiesReader] Setting System Property: remote.execution.port = 4444
[INFO ] 2025-05-17 15:39:25.181 [main] LoggerClass - 🔹 [PropertiesReader] Setting System Property: java.version = 17.0.12
[INFO ] 2025-05-17 15:39:25.181 [main] LoggerClass - 🔹 [PropertiesReader] Setting System Property: webdriver.wait = 60
[INFO ] 2025-05-17 15:39:25.181 [main] LoggerClass - 🔹 [PropertiesReader] Setting System Property: java.vm.specification.name = Java Virtual Machine Specification
[INFO ] 2025-05-17 15:39:25.182 [main] LoggerClass - 🔹 [PropertiesReader] Setting System Property: native.encoding = Cp1252
[INFO ] 2025-05-17 15:39:25.182 [main] LoggerClass - 🔹 [PropertiesReader] Setting System Property: java.library.path = C:\Program Files\Java\jdk-17\bin;C:\Windows\Sun\Java\bin;C:\Windows\system32;C:\Windows;C:\Program Files\Common Files\Oracle\Java\javapath;C:\Windows\system32;C:\Windows;C:\Windows\System32\Wbem;C:\Windows\System32\WindowsPowerShell\v1.0\;C:\Windows\System32\OpenSSH\;C:\Maven\apache-maven-3.9.9\bin;C:\Program Files\Java\jdk-17\bin;C:\Program Files\Git\cmd;C:\Users\user\AppData\Local\Microsoft\WindowsApps;;%Aqua%;.
[INFO ] 2025-05-17 15:39:25.182 [main] LoggerClass - 🔹 [PropertiesReader] Setting System Property: java.vendor = Oracle Corporation
[INFO ] 2025-05-17 15:39:25.182 [main] LoggerClass - 🔹 [PropertiesReader] Setting System Property: sun.io.unicode.encoding = UnicodeLittle
[INFO ] 2025-05-17 15:39:25.188 [main] LoggerClass - 🔹 [PropertiesReader] Setting System Property: appender.console.filter.threshold.level = info
[INFO ] 2025-05-17 15:39:25.188 [main] LoggerClass - 🔹 [PropertiesReader] Setting System Property: allure.report.directory = target/allure-report
[INFO ] 2025-05-17 15:39:25.188 [main] LoggerClass - 🔹 [PropertiesReader] Setting System Property: user.timezone = Africa/Cairo
[INFO ] 2025-05-17 15:39:25.188 [main] LoggerClass - 🔹 [PropertiesReader] Setting System Property: java.vm.specification.version = 17
[INFO ] 2025-05-17 15:39:25.190 [main] LoggerClass - 🔹 [PropertiesReader] Setting System Property: os.name = Windows 10
[INFO ] 2025-05-17 15:39:25.193 [main] LoggerClass - 🔹 [PropertiesReader] Setting System Property: allure.results.directory = target/allure-results
[INFO ] 2025-05-17 15:39:25.194 [main] LoggerClass - 🔹 [PropertiesReader] Setting System Property: user.home = C:\Users\user
[INFO ] 2025-05-17 15:39:25.195 [main] LoggerClass - 🔹 [PropertiesReader] Setting System Property: log4j.appender.stdout = org.apache.log4j.ConsoleAppender
[INFO ] 2025-05-17 15:39:25.195 [main] LoggerClass - 🔹 [PropertiesReader] Setting System Property: name = PropertiesConfig
[INFO ] 2025-05-17 15:39:25.195 [main] LoggerClass - 🔹 [PropertiesReader] Setting System Property: appender.console.layout.type = PatternLayout
[INFO ] 2025-05-17 15:39:25.195 [main] LoggerClass - 🔹 [PropertiesReader] Setting System Property: appender.console.name = STDOUT
[INFO ] 2025-05-17 15:39:25.195 [main] LoggerClass - 🔹 [PropertiesReader] Setting System Property: appender.console.layout.disableAnsi = false
[INFO ] 2025-05-17 15:39:25.195 [main] LoggerClass - 🔹 [PropertiesReader] Setting System Property: allure.link.mylink.pattern = 
[INFO ] 2025-05-17 15:39:25.196 [main] LoggerClass - 🔹 [PropertiesReader] Setting System Property: path.separator = ;
[INFO ] 2025-05-17 15:39:25.196 [main] LoggerClass - 🔹 [PropertiesReader] Setting System Property: kotlinx.coroutines.debug.enable.creation.stack.trace = false
[INFO ] 2025-05-17 15:39:25.197 [main] LoggerClass - 🔹 [PropertiesReader] Setting System Property: os.version = 10.0
[INFO ] 2025-05-17 15:39:25.197 [main] LoggerClass - 🔹 [PropertiesReader] Setting System Property: websitename.baseurl = https://www.saucedemo.com/
[INFO ] 2025-05-17 15:39:25.197 [main] LoggerClass - 🔹 [PropertiesReader] Setting System Property: java.vm.name = Java HotSpot(TM) 64-Bit Server VM
[INFO ] 2025-05-17 15:39:25.197 [main] LoggerClass - 🔹 [PropertiesReader] Setting System Property: os.arch = amd64
[INFO ] 2025-05-17 15:39:25.197 [main] LoggerClass - 🔹 [PropertiesReader] Setting System Property: appender.file.type = File
[INFO ] 2025-05-17 15:39:25.200 [main] LoggerClass - 🔹 [PropertiesReader] Setting System Property: java.vm.info = mixed mode, sharing
[INFO ] 2025-05-17 15:39:25.201 [main] LoggerClass - 🔹 [PropertiesReader] Setting System Property: log4j.rootLogger = INFO, stdout
[INFO ] 2025-05-17 15:39:25.201 [main] LoggerClass - 🔹 [PropertiesReader] Setting System Property: java.class.version = 61.0
[INFO ] 2025-05-17 15:39:25.201 [main] LoggerClass - 🔹 [PropertiesReader] Setting System Property: sun.jnu.encoding = Cp1252
[INFO ] 2025-05-17 15:39:25.202 [main] LoggerClass - 🔹 [PropertiesReader] Setting System Property: file.separator = \
[INFO ] 2025-05-17 15:39:25.202 [main] LoggerClass - 🔹 [PropertiesReader] Setting System Property: java.vm.compressedOopsMode = 32-bit
[INFO ] 2025-05-17 15:39:25.202 [main] LoggerClass - 🔹 [PropertiesReader] Setting System Property: line.separator = 

[INFO ] 2025-05-17 15:39:25.202 [main] LoggerClass - 🔹 [PropertiesReader] Setting System Property: intellij.debug.agent = true
[INFO ] 2025-05-17 15:39:25.202 [main] LoggerClass - 🔹 [PropertiesReader] Setting System Property: appender.file.layout.pattern = [%-5level] %d{yyyy-MM-dd HH:mm:ss.SSS} [%t] %c{1} - %msg%n
[INFO ] 2025-05-17 15:39:25.202 [main] LoggerClass - 🔹 [PropertiesReader] Setting System Property: remote.execution.host = localhost
[INFO ] 2025-05-17 15:39:25.203 [main] LoggerClass - 🔹 [PropertiesReader] Setting System Property: user.name = user
[INFO ] 2025-05-17 15:39:25.203 [main] LoggerClass - 🔹 [PropertiesReader] Setting System Property: jboss.modules.system.pkgs = com.intellij.rt
[INFO ] 2025-05-17 15:39:25.203 [main] LoggerClass - 🔹 [PropertiesReader] Setting System Property: sun.os.patch.level = 
[INFO ] 2025-05-17 15:39:25.203 [main] LoggerClass - 🔹 [PropertiesReader] Setting System Property: kotlinx.coroutines.debug.enable.flows.stack.trace = true
[INFO ] 2025-05-17 15:39:25.203 [main] LoggerClass - 🔹 [PropertiesReader] Setting System Property: java.rmi.server.randomIDs = true
[INFO ] 2025-05-17 15:39:25.203 [main] LoggerClass - 🔹 [PropertiesReader] Setting System Property: width = 1024
[INFO ] 2025-05-17 15:39:25.204 [main] LoggerClass - 🔹 [PropertiesReader] Setting System Property: debugger.agent.enable.coroutines = true
[INFO ] 2025-05-17 15:39:25.204 [main] LoggerClass - 🔹 [PropertiesReader] Setting System Property: browser.type = google chrome
[INFO ] 2025-05-17 15:39:25.204 [main] LoggerClass - 🔹 [PropertiesReader] Setting System Property: java.class.path = C:\Program Files\JetBrains\IntelliJ IDEA 2025.1\lib\idea_rt.jar;C:\Program Files\JetBrains\IntelliJ IDEA 2025.1\plugins\testng\lib\testng-rt.jar;C:\Users\user\Desktop\Task\AutoTask\target\test-classes;C:\Users\user\Desktop\Task\AutoTask\target\classes;C:\Users\user\.m2\repository\org\seleniumhq\selenium\selenium-java\4.15.0\selenium-java-4.15.0.jar;C:\Users\user\.m2\repository\org\seleniumhq\selenium\selenium-api\4.15.0\selenium-api-4.15.0.jar;C:\Users\user\.m2\repository\org\seleniumhq\selenium\selenium-chrome-driver\4.15.0\selenium-chrome-driver-4.15.0.jar;C:\Users\user\.m2\repository\com\google\auto\service\auto-service-annotations\1.1.1\auto-service-annotations-1.1.1.jar;C:\Users\user\.m2\repository\org\seleniumhq\selenium\selenium-chromium-driver\4.15.0\selenium-chromium-driver-4.15.0.jar;C:\Users\user\.m2\repository\org\seleniumhq\selenium\selenium-json\4.15.0\selenium-json-4.15.0.jar;C:\Users\user\.m2\repository\org\seleniumhq\selenium\selenium-manager\4.15.0\selenium-manager-4.15.0.jar;C:\Users\user\.m2\repository\org\seleniumhq\selenium\selenium-devtools-v117\4.15.0\selenium-devtools-v117-4.15.0.jar;C:\Users\user\.m2\repository\org\seleniumhq\selenium\selenium-devtools-v118\4.15.0\selenium-devtools-v118-4.15.0.jar;C:\Users\user\.m2\repository\org\seleniumhq\selenium\selenium-devtools-v119\4.15.0\selenium-devtools-v119-4.15.0.jar;C:\Users\user\.m2\repository\org\seleniumhq\selenium\selenium-devtools-v85\4.15.0\selenium-devtools-v85-4.15.0.jar;C:\Users\user\.m2\repository\org\seleniumhq\selenium\selenium-edge-driver\4.15.0\selenium-edge-driver-4.15.0.jar;C:\Users\user\.m2\repository\org\seleniumhq\selenium\selenium-firefox-driver\4.15.0\selenium-firefox-driver-4.15.0.jar;C:\Users\user\.m2\repository\org\seleniumhq\selenium\selenium-http\4.15.0\selenium-http-4.15.0.jar;C:\Users\user\.m2\repository\dev\failsafe\failsafe\3.3.2\failsafe-3.3.2.jar;C:\Users\user\.m2\repository\org\seleniumhq\selenium\selenium-ie-driver\4.15.0\selenium-ie-driver-4.15.0.jar;C:\Users\user\.m2\repository\org\seleniumhq\selenium\selenium-remote-driver\4.15.0\selenium-remote-driver-4.15.0.jar;C:\Users\user\.m2\repository\com\google\guava\guava\32.1.2-jre\guava-32.1.2-jre.jar;C:\Users\user\.m2\repository\com\google\guava\failureaccess\1.0.1\failureaccess-1.0.1.jar;C:\Users\user\.m2\repository\com\google\guava\listenablefuture\9999.0-empty-to-avoid-conflict-with-guava\listenablefuture-9999.0-empty-to-avoid-conflict-with-guava.jar;C:\Users\user\.m2\repository\com\google\code\findbugs\jsr305\3.0.2\jsr305-3.0.2.jar;C:\Users\user\.m2\repository\org\checkerframework\checker-qual\3.33.0\checker-qual-3.33.0.jar;C:\Users\user\.m2\repository\com\google\errorprone\error_prone_annotations\2.18.0\error_prone_annotations-2.18.0.jar;C:\Users\user\.m2\repository\com\google\j2objc\j2objc-annotations\2.8\j2objc-annotations-2.8.jar;C:\Users\user\.m2\repository\io\opentelemetry\opentelemetry-api\1.28.0\opentelemetry-api-1.28.0.jar;C:\Users\user\.m2\repository\io\opentelemetry\opentelemetry-context\1.28.0\opentelemetry-context-1.28.0.jar;C:\Users\user\.m2\repository\io\opentelemetry\opentelemetry-exporter-logging\1.28.0\opentelemetry-exporter-logging-1.28.0.jar;C:\Users\user\.m2\repository\io\opentelemetry\opentelemetry-sdk-metrics\1.28.0\opentelemetry-sdk-metrics-1.28.0.jar;C:\Users\user\.m2\repository\io\opentelemetry\opentelemetry-extension-incubator\1.28.0-alpha\opentelemetry-extension-incubator-1.28.0-alpha.jar;C:\Users\user\.m2\repository\io\opentelemetry\opentelemetry-sdk-logs\1.28.0\opentelemetry-sdk-logs-1.28.0.jar;C:\Users\user\.m2\repository\io\opentelemetry\opentelemetry-sdk-common\1.28.0\opentelemetry-sdk-common-1.28.0.jar;C:\Users\user\.m2\repository\io\opentelemetry\opentelemetry-sdk-extension-autoconfigure-spi\1.28.0\opentelemetry-sdk-extension-autoconfigure-spi-1.28.0.jar;C:\Users\user\.m2\repository\io\opentelemetry\opentelemetry-sdk-extension-autoconfigure\1.28.0\opentelemetry-sdk-extension-autoconfigure-1.28.0.jar;C:\Users\user\.m2\repository\io\opentelemetry\opentelemetry-api-events\1.28.0-alpha\opentelemetry-api-events-1.28.0-alpha.jar;C:\Users\user\.m2\repository\io\opentelemetry\opentelemetry-sdk-trace\1.28.0\opentelemetry-sdk-trace-1.28.0.jar;C:\Users\user\.m2\repository\io\opentelemetry\opentelemetry-sdk\1.28.0\opentelemetry-sdk-1.28.0.jar;C:\Users\user\.m2\repository\io\opentelemetry\opentelemetry-semconv\1.28.0-alpha\opentelemetry-semconv-1.28.0-alpha.jar;C:\Users\user\.m2\repository\net\bytebuddy\byte-buddy\1.14.5\byte-buddy-1.14.5.jar;C:\Users\user\.m2\repository\org\seleniumhq\selenium\selenium-os\4.15.0\selenium-os-4.15.0.jar;C:\Users\user\.m2\repository\org\apache\commons\commons-exec\1.3\commons-exec-1.3.jar;C:\Users\user\.m2\repository\org\seleniumhq\selenium\selenium-safari-driver\4.15.0\selenium-safari-driver-4.15.0.jar;C:\Users\user\.m2\repository\org\seleniumhq\selenium\selenium-support\4.15.0\selenium-support-4.15.0.jar;C:\Users\user\.m2\repository\io\github\bonigarcia\webdrivermanager\5.5.3\webdrivermanager-5.5.3.jar;C:\Users\user\.m2\repository\com\google\code\gson\gson\2.10.1\gson-2.10.1.jar;C:\Users\user\.m2\repository\com\github\docker-java\docker-java\3.3.3\docker-java-3.3.3.jar;C:\Users\user\.m2\repository\com\github\docker-java\docker-java-core\3.3.3\docker-java-core-3.3.3.jar;C:\Users\user\.m2\repository\com\github\docker-java\docker-java-api\3.3.3\docker-java-api-3.3.3.jar;C:\Users\user\.m2\repository\com\fasterxml\jackson\core\jackson-annotations\2.10.3\jackson-annotations-2.10.3.jar;C:\Users\user\.m2\repository\com\fasterxml\jackson\core\jackson-databind\2.10.3\jackson-databind-2.10.3.jar;C:\Users\user\.m2\repository\com\fasterxml\jackson\core\jackson-core\2.10.3\jackson-core-2.10.3.jar;C:\Users\user\.m2\repository\org\bouncycastle\bcpkix-jdk18on\1.75\bcpkix-jdk18on-1.75.jar;C:\Users\user\.m2\repository\org\bouncycastle\bcprov-jdk18on\1.75\bcprov-jdk18on-1.75.jar;C:\Users\user\.m2\repository\org\bouncycastle\bcutil-jdk18on\1.75\bcutil-jdk18on-1.75.jar;C:\Users\user\.m2\repository\org\slf4j\jcl-over-slf4j\1.7.30\jcl-over-slf4j-1.7.30.jar;C:\Users\user\.m2\repository\com\github\docker-java\docker-java-transport-httpclient5\3.3.3\docker-java-transport-httpclient5-3.3.3.jar;C:\Users\user\.m2\repository\com\github\docker-java\docker-java-transport\3.3.3\docker-java-transport-3.3.3.jar;C:\Users\user\.m2\repository\net\java\dev\jna\jna\5.12.1\jna-5.12.1.jar;C:\Users\user\.m2\repository\org\brotli\dec\0.1.2\dec-0.1.2.jar;C:\Users\user\.m2\repository\org\apache\commons\commons-lang3\3.13.0\commons-lang3-3.13.0.jar;C:\Users\user\.m2\repository\org\apache\httpcomponents\client5\httpclient5\5.2.1\httpclient5-5.2.1.jar;C:\Users\user\.m2\repository\org\apache\httpcomponents\core5\httpcore5\5.2\httpcore5-5.2.jar;C:\Users\user\.m2\repository\org\apache\httpcomponents\core5\httpcore5-h2\5.2\httpcore5-h2-5.2.jar;C:\Users\user\.m2\repository\org\testng\testng\7.10.0\testng-7.10.0.jar;C:\Users\user\.m2\repository\com\beust\jcommander\1.82\jcommander-1.82.jar;C:\Users\user\.m2\repository\org\webjars\jquery\3.7.1\jquery-3.7.1.jar;C:\Users\user\.m2\repository\io\rest-assured\rest-assured\5.3.0\rest-assured-5.3.0.jar;C:\Users\user\.m2\repository\org\apache\groovy\groovy\4.0.6\groovy-4.0.6.jar;C:\Users\user\.m2\repository\org\apache\groovy\groovy-xml\4.0.6\groovy-xml-4.0.6.jar;C:\Users\user\.m2\repository\org\apache\httpcomponents\httpclient\4.5.13\httpclient-4.5.13.jar;C:\Users\user\.m2\repository\org\apache\httpcomponents\httpcore\4.4.13\httpcore-4.4.13.jar;C:\Users\user\.m2\repository\commons-logging\commons-logging\1.2\commons-logging-1.2.jar;C:\Users\user\.m2\repository\commons-codec\commons-codec\1.11\commons-codec-1.11.jar;C:\Users\user\.m2\repository\org\apache\httpcomponents\httpmime\4.5.13\httpmime-4.5.13.jar;C:\Users\user\.m2\repository\org\hamcrest\hamcrest\2.1\hamcrest-2.1.jar;C:\Users\user\.m2\repository\org\ccil\cowan\tagsoup\tagsoup\1.2.1\tagsoup-1.2.1.jar;C:\Users\user\.m2\repository\io\rest-assured\json-path\5.3.0\json-path-5.3.0.jar;C:\Users\user\.m2\repository\org\apache\groovy\groovy-json\4.0.6\groovy-json-4.0.6.jar;C:\Users\user\.m2\repository\io\rest-assured\rest-assured-common\5.3.0\rest-assured-common-5.3.0.jar;C:\Users\user\.m2\repository\io\rest-assured\xml-path\5.3.0\xml-path-5.3.0.jar;C:\Users\user\.m2\repository\com\jayway\jsonpath\json-path\2.9.0\json-path-2.9.0.jar;C:\Users\user\.m2\repository\net\minidev\json-smart\2.5.0\json-smart-2.5.0.jar;C:\Users\user\.m2\repository\net\minidev\accessors-smart\2.5.0\accessors-smart-2.5.0.jar;C:\Users\user\.m2\repository\org\ow2\asm\asm\9.3\asm-9.3.jar;C:\Users\user\.m2\repository\org\apache\poi\poi-ooxml\5.4.0\poi-ooxml-5.4.0.jar;C:\Users\user\.m2\repository\org\apache\poi\poi\5.4.0\poi-5.4.0.jar;C:\Users\user\.m2\repository\org\apache\commons\commons-math3\3.6.1\commons-math3-3.6.1.jar;C:\Users\user\.m2\repository\com\zaxxer\SparseBitSet\1.3\SparseBitSet-1.3.jar;C:\Users\user\.m2\repository\org\apache\poi\poi-ooxml-lite\5.4.0\poi-ooxml-lite-5.4.0.jar;C:\Users\user\.m2\repository\org\apache\xmlbeans\xmlbeans\5.3.0\xmlbeans-5.3.0.jar;C:\Users\user\.m2\repository\org\apache\commons\commons-compress\1.27.1\commons-compress-1.27.1.jar;C:\Users\user\.m2\repository\com\github\virtuald\curvesapi\1.08\curvesapi-1.08.jar;C:\Users\user\.m2\repository\org\apache\commons\commons-collections4\4.4\commons-collections4-4.4.jar;C:\Users\user\.m2\repository\commons-io\commons-io\2.13.0\commons-io-2.13.0.jar;C:\Users\user\.m2\repository\io\qameta\allure\allure-testng\2.29.0\allure-testng-2.29.0.jar;C:\Users\user\.m2\repository\io\qameta\allure\allure-java-commons\2.29.0\allure-java-commons-2.29.0.jar;C:\Users\user\.m2\repository\io\qameta\allure\allure-model\2.29.0\allure-model-2.29.0.jar;C:\Users\user\.m2\repository\io\qameta\allure\allure-test-filter\2.29.0\allure-test-filter-2.29.0.jar;C:\Users\user\.m2\repository\com\aventstack\extentreports\5.0.9\extentreports-5.0.9.jar;C:\Users\user\.m2\repository\io\reactivex\rxjava3\rxjava\3.0.4\rxjava-3.0.4.jar;C:\Users\user\.m2\repository\org\reactivestreams\reactive-streams\1.0.3\reactive-streams-1.0.3.jar;C:\Users\user\.m2\repository\org\freemarker\freemarker\2.3.30\freemarker-2.3.30.jar;C:\Users\user\.m2\repository\org\aspectj\aspectjweaver\1.9.22\aspectjweaver-1.9.22.jar;C:\Users\user\.m2\repository\org\slf4j\slf4j-api\2.0.9\slf4j-api-2.0.9.jar;C:\Users\user\.m2\repository\com\googlecode\json-simple\json-simple\1.1.1\json-simple-1.1.1.jar;C:\Users\user\.m2\repository\org\projectlombok\lombok\1.18.28\lombok-1.18.28.jar;C:\Users\user\.m2\repository\org\apache\logging\log4j\log4j-core\2.22.0\log4j-core-2.22.0.jar;C:\Users\user\.m2\repository\org\apache\logging\log4j\log4j-api\2.22.0\log4j-api-2.22.0.jar;C:\Users\user\.m2\repository\org\apache\logging\log4j\log4j-slf4j2-impl\2.22.0\log4j-slf4j2-impl-2.22.0.jar;C:\Users\user\.m2\repository\com\automation-remarks\video-recorder-testng\2.0\video-recorder-testng-2.0.jar;C:\Users\user\.m2\repository\com\automation-remarks\video-recorder-core\2.0\video-recorder-core-2.0.jar;C:\Users\user\.m2\repository\org\aeonbits\owner\owner-java8\1.0.10\owner-java8-1.0.10.jar;C:\Users\user\.m2\repository\org\aeonbits\owner\owner\1.0.10\owner-1.0.10.jar;C:\Users\user\.m2\repository\org\zeroturnaround\zt-exec\1.10\zt-exec-1.10.jar;C:\Users\user\.m2\repository\org\awaitility\awaitility\3.1.6\awaitility-3.1.6.jar;C:\Users\user\.m2\repository\org\hamcrest\hamcrest-library\1.3\hamcrest-library-1.3.jar;C:\Users\user\.m2\repository\org\hamcrest\hamcrest-core\1.3\hamcrest-core-1.3.jar;C:\Users\user\.m2\repository\org\objenesis\objenesis\2.6\objenesis-2.6.jar;C:\Users\user\.m2\repository\log4j\log4j\1.2.17\log4j-1.2.17.jar;C:\Users\user\.m2\repository\org\json\json\20180813\json-20180813.jar
[INFO ] 2025-05-17 15:39:25.205 [main] LoggerClass - 🔹 [PropertiesReader] Setting System Property: java.vm.vendor = Oracle Corporation
[INFO ] 2025-05-17 15:39:25.205 [main] LoggerClass - 🔹 [PropertiesReader] Setting System Property: user.variant = 
[INFO ] 2025-05-17 15:39:25.206 [main] LoggerClass - 🔹 [PropertiesReader] Setting System Property: allure.link.issue.pattern = https://en.wikipedia.org/wiki/{}
[INFO ] 2025-05-17 15:39:25.207 [main] LoggerClass - 🔹 [PropertiesReader] Setting System Property: sun.java.launcher = SUN_STANDARD
[INFO ] 2025-05-17 15:39:25.207 [main] LoggerClass - 🔹 [PropertiesReader] Setting System Property: user.country = US
[INFO ] 2025-05-17 15:39:25.207 [main] LoggerClass - 🔹 [PropertiesReader] Setting System Property: sun.cpu.endian = little
[INFO ] 2025-05-17 15:39:25.207 [main] LoggerClass - 🔹 [PropertiesReader] Setting System Property: user.language = en
[INFO ] 2025-05-17 15:39:25.207 [main] LoggerClass - 🔹 [PropertiesReader] Setting System Property: allure.link.tms.pattern = https://en.wikipedia.org/wiki/{}
[INFO ] 2025-05-17 15:39:25.208 [main] LoggerClass - 🔹 [PropertiesReader] Setting System Property: appender.file.append = false
[INFO ] 2025-05-17 15:39:25.208 [main] LoggerClass - 🔹 [PropertiesReader] Setting System Property: appender.file.name = LOGFILE
[INFO ] 2025-05-17 15:39:25.209 [main] LoggerClass - 🔹 [PropertiesReader] Setting System Property: log4j.appender.stdout.layout = org.apache.log4j.PatternLayout
[INFO ] 2025-05-17 15:39:25.209 [main] LoggerClass - 🔹 [PropertiesReader] Setting System Property: log4j.appender.stdout.layout.ConversionPattern = %d{yyyy-MM-dd HH:mm:ss} [%t] %-5p %c - %m%n
[INFO ] 2025-05-17 15:39:25.210 [main] LoggerClass - 🔹 [PropertiesReader] Setting System Property: java.runtime.name = Java(TM) SE Runtime Environment
[INFO ] 2025-05-17 15:39:25.217 [main] LoggerClass - 🔹 [PropertiesReader] Setting System Property: java.vendor.url.bug = https://bugreport.java.com/bugreport/
[INFO ] 2025-05-17 15:39:25.217 [main] LoggerClass - 🔹 [PropertiesReader] Setting System Property: user.dir = C:\Users\user\Desktop\Task\AutoTask
[INFO ] 2025-05-17 15:39:25.219 [main] LoggerClass - 🔹 [PropertiesReader] Setting System Property: appender.file.filter.threshold.level = debug
[INFO ] 2025-05-17 15:39:25.219 [main] LoggerClass - 🔹 [PropertiesReader] Setting System Property: java.vm.version = 17.0.12+8-LTS-286
[INFO ] 2025-05-17 15:39:25.219 [main] LoggerClass - 🔹 [PropertiesReader] Setting System Property: execution.type = Local
[INFO ] 2025-05-17 15:39:27.469 [main] LoggerClass - ********************** Test Context Started: [AutoTask] **********************
[INFO ] 2025-05-17 15:39:27.614 [main] LoggerClass - 🔧 Executing Configuration Method: [setup]
[INFO ] 2025-05-17 15:39:27.904 [main] LoggerClass - Initializing [CHROME] with execution type [local]
[DEBUG] 2025-05-17 15:39:28.052 [main] WebDriverManager - Using WebDriverManager 5.5.3
[DEBUG] 2025-05-17 15:39:28.868 [main] ResolutionCache - Removing resolution chrome=136 from cache (expired on 2025-05-17T15:17:13.000+0300)
[DEBUG] 2025-05-17 15:39:28.902 [main] InternalHttpClient - ex-0000000001 preparing request execution
[DEBUG] 2025-05-17 15:39:28.925 [main] ProtocolExec - ex-0000000001 target auth state: UNCHALLENGED
[DEBUG] 2025-05-17 15:39:28.927 [main] ProtocolExec - ex-0000000001 proxy auth state: UNCHALLENGED
[DEBUG] 2025-05-17 15:39:28.927 [main] ConnectExec - ex-0000000001 acquiring connection with route {s}->https://raw.githubusercontent.com:443
[DEBUG] 2025-05-17 15:39:28.928 [main] InternalHttpClient - ex-0000000001 acquiring endpoint (3 MINUTES)
[DEBUG] 2025-05-17 15:39:28.930 [main] PoolingHttpClientConnectionManager - ex-0000000001 endpoint lease request (3 MINUTES) [route: {s}->https://raw.githubusercontent.com:443][total available: 0; route allocated: 0 of 5; total allocated: 0 of 25]
[DEBUG] 2025-05-17 15:39:28.938 [main] PoolingHttpClientConnectionManager - ex-0000000001 endpoint leased [route: {s}->https://raw.githubusercontent.com:443][total available: 0; route allocated: 1 of 5; total allocated: 1 of 25]
[DEBUG] 2025-05-17 15:39:28.967 [main] PoolingHttpClientConnectionManager - ex-0000000001 acquired ep-0000000001
[DEBUG] 2025-05-17 15:39:28.967 [main] InternalHttpClient - ex-0000000001 acquired endpoint ep-0000000001
[DEBUG] 2025-05-17 15:39:28.967 [main] ConnectExec - ex-0000000001 opening connection {s}->https://raw.githubusercontent.com:443
[DEBUG] 2025-05-17 15:39:28.968 [main] InternalHttpClient - ep-0000000001 connecting endpoint (null)
[DEBUG] 2025-05-17 15:39:28.975 [main] PoolingHttpClientConnectionManager - ep-0000000001 connecting endpoint to https://raw.githubusercontent.com:443 (30 SECONDS)
[DEBUG] 2025-05-17 15:39:28.976 [main] DefaultHttpClientConnectionOperator - raw.githubusercontent.com resolving remote address
[DEBUG] 2025-05-17 15:39:29.076 [main] DefaultHttpClientConnectionOperator - raw.githubusercontent.com resolved to [raw.githubusercontent.com/185.199.108.133, raw.githubusercontent.com/185.199.109.133, raw.githubusercontent.com/185.199.110.133, raw.githubusercontent.com/185.199.111.133, raw.githubusercontent.com/2606:50c0:8003:0:0:0:0:154, raw.githubusercontent.com/2606:50c0:8000:0:0:0:0:154, raw.githubusercontent.com/2606:50c0:8001:0:0:0:0:154, raw.githubusercontent.com/2606:50c0:8002:0:0:0:0:154]
[DEBUG] 2025-05-17 15:39:29.080 [main] DefaultHttpClientConnectionOperator - raw.githubusercontent.com:443 connecting null->raw.githubusercontent.com/185.199.108.133:443 (30 SECONDS)
[DEBUG] 2025-05-17 15:39:29.081 [main] SSLConnectionSocketFactory - Connecting socket to raw.githubusercontent.com/185.199.108.133:443 with timeout 30 SECONDS
[DEBUG] 2025-05-17 15:39:29.270 [main] SSLConnectionSocketFactory - Enabled protocols: [TLSv1.3, TLSv1.2]
[DEBUG] 2025-05-17 15:39:29.271 [main] SSLConnectionSocketFactory - Enabled cipher suites: [TLS_AES_256_GCM_SHA384, TLS_AES_128_GCM_SHA256, TLS_CHACHA20_POLY1305_SHA256, TLS_ECDHE_ECDSA_WITH_AES_256_GCM_SHA384, TLS_ECDHE_ECDSA_WITH_AES_128_GCM_SHA256, TLS_ECDHE_ECDSA_WITH_CHACHA20_POLY1305_SHA256, TLS_ECDHE_RSA_WITH_AES_256_GCM_SHA384, TLS_ECDHE_RSA_WITH_CHACHA20_POLY1305_SHA256, TLS_ECDHE_RSA_WITH_AES_128_GCM_SHA256, TLS_DHE_RSA_WITH_AES_256_GCM_SHA384, TLS_DHE_RSA_WITH_CHACHA20_POLY1305_SHA256, TLS_DHE_DSS_WITH_AES_256_GCM_SHA384, TLS_DHE_RSA_WITH_AES_128_GCM_SHA256, TLS_DHE_DSS_WITH_AES_128_GCM_SHA256, TLS_ECDHE_ECDSA_WITH_AES_256_CBC_SHA384, TLS_ECDHE_RSA_WITH_AES_256_CBC_SHA384, TLS_ECDHE_ECDSA_WITH_AES_128_CBC_SHA256, TLS_ECDHE_RSA_WITH_AES_128_CBC_SHA256, TLS_DHE_RSA_WITH_AES_256_CBC_SHA256, TLS_DHE_DSS_WITH_AES_256_CBC_SHA256, TLS_DHE_RSA_WITH_AES_128_CBC_SHA256, TLS_DHE_DSS_WITH_AES_128_CBC_SHA256, TLS_ECDH_ECDSA_WITH_AES_256_GCM_SHA384, TLS_ECDH_RSA_WITH_AES_256_GCM_SHA384, TLS_ECDH_ECDSA_WITH_AES_128_GCM_SHA256, TLS_ECDH_RSA_WITH_AES_128_GCM_SHA256, TLS_ECDH_ECDSA_WITH_AES_256_CBC_SHA384, TLS_ECDH_RSA_WITH_AES_256_CBC_SHA384, TLS_ECDH_ECDSA_WITH_AES_128_CBC_SHA256, TLS_ECDH_RSA_WITH_AES_128_CBC_SHA256, TLS_ECDHE_ECDSA_WITH_AES_256_CBC_SHA, TLS_ECDHE_RSA_WITH_AES_256_CBC_SHA, TLS_ECDHE_ECDSA_WITH_AES_128_CBC_SHA, TLS_ECDHE_RSA_WITH_AES_128_CBC_SHA, TLS_DHE_RSA_WITH_AES_256_CBC_SHA, TLS_DHE_DSS_WITH_AES_256_CBC_SHA, TLS_DHE_RSA_WITH_AES_128_CBC_SHA, TLS_DHE_DSS_WITH_AES_128_CBC_SHA, TLS_ECDH_ECDSA_WITH_AES_256_CBC_SHA, TLS_ECDH_RSA_WITH_AES_256_CBC_SHA, TLS_ECDH_ECDSA_WITH_AES_128_CBC_SHA, TLS_ECDH_RSA_WITH_AES_128_CBC_SHA, TLS_RSA_WITH_AES_256_GCM_SHA384, TLS_RSA_WITH_AES_128_GCM_SHA256, TLS_RSA_WITH_AES_256_CBC_SHA256, TLS_RSA_WITH_AES_128_CBC_SHA256, TLS_RSA_WITH_AES_256_CBC_SHA, TLS_RSA_WITH_AES_128_CBC_SHA, TLS_EMPTY_RENEGOTIATION_INFO_SCSV]
[DEBUG] 2025-05-17 15:39:29.271 [main] SSLConnectionSocketFactory - Starting handshake (null)
[DEBUG] 2025-05-17 15:39:29.496 [main] SSLConnectionSocketFactory - Secure session established
[DEBUG] 2025-05-17 15:39:29.496 [main] SSLConnectionSocketFactory -  negotiated protocol: TLSv1.3
[DEBUG] 2025-05-17 15:39:29.496 [main] SSLConnectionSocketFactory -  negotiated cipher suite: TLS_AES_128_GCM_SHA256
[DEBUG] 2025-05-17 15:39:29.498 [main] SSLConnectionSocketFactory -  peer principal: CN=*.github.io
[DEBUG] 2025-05-17 15:39:29.498 [main] SSLConnectionSocketFactory -  peer alternative names: [*.github.io, *.github.com, *.githubusercontent.com, github.com, github.io, githubusercontent.com, www.github.com]
[DEBUG] 2025-05-17 15:39:29.498 [main] SSLConnectionSocketFactory -  issuer principal: CN=Sectigo RSA Domain Validation Secure Server CA, O=Sectigo Limited, L=Salford, ST=Greater Manchester, C=GB
[DEBUG] 2025-05-17 15:39:29.499 [main] DefaultManagedHttpClientConnection - http-outgoing-0 set socket timeout to 3 MINUTES
[DEBUG] 2025-05-17 15:39:29.499 [main] DefaultHttpClientConnectionOperator - raw.githubusercontent.com:443 connected null->raw.githubusercontent.com/185.199.108.133:443 as http-outgoing-0
[DEBUG] 2025-05-17 15:39:29.499 [main] PoolingHttpClientConnectionManager - ep-0000000001 connected http-outgoing-0
[DEBUG] 2025-05-17 15:39:29.499 [main] InternalHttpClient - ep-0000000001 endpoint connected
[DEBUG] 2025-05-17 15:39:29.500 [main] MainClientExec - ex-0000000001 executing GET /bonigarcia/webdrivermanager/master/src/main/resources/commands.properties HTTP/1.1
[DEBUG] 2025-05-17 15:39:29.501 [main] RequestAddCookies - ex-0000000001 Cookie spec selected: strict
[DEBUG] 2025-05-17 15:39:29.518 [main] InternalHttpClient - ep-0000000001 start execution ex-0000000001
[DEBUG] 2025-05-17 15:39:29.518 [main] PoolingHttpClientConnectionManager - ep-0000000001 executing exchange ex-0000000001 over http-outgoing-0
[DEBUG] 2025-05-17 15:39:29.518 [main] headers - http-outgoing-0 >> GET /bonigarcia/webdrivermanager/master/src/main/resources/commands.properties HTTP/1.1
[DEBUG] 2025-05-17 15:39:29.518 [main] headers - http-outgoing-0 >> user-agent: Apache-HttpClient/5.0
[DEBUG] 2025-05-17 15:39:29.518 [main] headers - http-outgoing-0 >> accept-encoding: gzip, deflate, br
[DEBUG] 2025-05-17 15:39:29.518 [main] headers - http-outgoing-0 >> cache-control: max-age=0
[DEBUG] 2025-05-17 15:39:29.518 [main] headers - http-outgoing-0 >> connection: keep-alive
[DEBUG] 2025-05-17 15:39:29.518 [main] headers - http-outgoing-0 >> Host: raw.githubusercontent.com
[DEBUG] 2025-05-17 15:39:29.519 [main] wire - http-outgoing-0 >> "GET /bonigarcia/webdrivermanager/master/src/main/resources/commands.properties HTTP/1.1[\r][\n]"
[DEBUG] 2025-05-17 15:39:29.519 [main] wire - http-outgoing-0 >> "user-agent: Apache-HttpClient/5.0[\r][\n]"
[DEBUG] 2025-05-17 15:39:29.519 [main] wire - http-outgoing-0 >> "accept-encoding: gzip, deflate, br[\r][\n]"
[DEBUG] 2025-05-17 15:39:29.519 [main] wire - http-outgoing-0 >> "cache-control: max-age=0[\r][\n]"
[DEBUG] 2025-05-17 15:39:29.519 [main] wire - http-outgoing-0 >> "connection: keep-alive[\r][\n]"
[DEBUG] 2025-05-17 15:39:29.519 [main] wire - http-outgoing-0 >> "Host: raw.githubusercontent.com[\r][\n]"
[DEBUG] 2025-05-17 15:39:29.519 [main] wire - http-outgoing-0 >> "[\r][\n]"
[DEBUG] 2025-05-17 15:39:29.693 [main] wire - http-outgoing-0 << "HTTP/1.1 200 OK[\r][\n]"
[DEBUG] 2025-05-17 15:39:29.693 [main] wire - http-outgoing-0 << "Connection: keep-alive[\r][\n]"
[DEBUG] 2025-05-17 15:39:29.693 [main] wire - http-outgoing-0 << "Content-Length: 946[\r][\n]"
[DEBUG] 2025-05-17 15:39:29.694 [main] wire - http-outgoing-0 << "Cache-Control: max-age=300[\r][\n]"
[DEBUG] 2025-05-17 15:39:29.694 [main] wire - http-outgoing-0 << "Content-Security-Policy: default-src 'none'; style-src 'unsafe-inline'; sandbox[\r][\n]"
[DEBUG] 2025-05-17 15:39:29.694 [main] wire - http-outgoing-0 << "Content-Type: text/plain; charset=utf-8[\r][\n]"
[DEBUG] 2025-05-17 15:39:29.694 [main] wire - http-outgoing-0 << "ETag: W/"dc0c32cea2dfa86f6cf10513cf8a64e1e8817484a415b658b4eecd962d4deaee"[\r][\n]"
[DEBUG] 2025-05-17 15:39:29.697 [main] wire - http-outgoing-0 << "Strict-Transport-Security: max-age=31536000[\r][\n]"
[DEBUG] 2025-05-17 15:39:29.698 [main] wire - http-outgoing-0 << "X-Content-Type-Options: nosniff[\r][\n]"
[DEBUG] 2025-05-17 15:39:29.698 [main] wire - http-outgoing-0 << "X-Frame-Options: deny[\r][\n]"
[DEBUG] 2025-05-17 15:39:29.698 [main] wire - http-outgoing-0 << "X-XSS-Protection: 1; mode=block[\r][\n]"
[DEBUG] 2025-05-17 15:39:29.698 [main] wire - http-outgoing-0 << "X-GitHub-Request-Id: E8B0:777CA:714D70:82102B:68103B1B[\r][\n]"
[DEBUG] 2025-05-17 15:39:29.698 [main] wire - http-outgoing-0 << "Content-Encoding: gzip[\r][\n]"
[DEBUG] 2025-05-17 15:39:29.698 [main] wire - http-outgoing-0 << "Accept-Ranges: bytes[\r][\n]"
[DEBUG] 2025-05-17 15:39:29.698 [main] wire - http-outgoing-0 << "Date: Sat, 17 May 2025 12:39:27 GMT[\r][\n]"
[DEBUG] 2025-05-17 15:39:29.698 [main] wire - http-outgoing-0 << "Via: 1.1 varnish[\r][\n]"
[DEBUG] 2025-05-17 15:39:29.698 [main] wire - http-outgoing-0 << "X-Served-By: cache-mrs10521-MRS[\r][\n]"
[DEBUG] 2025-05-17 15:39:29.698 [main] wire - http-outgoing-0 << "X-Cache: HIT[\r][\n]"
[DEBUG] 2025-05-17 15:39:29.699 [main] wire - http-outgoing-0 << "X-Cache-Hits: 0[\r][\n]"
[DEBUG] 2025-05-17 15:39:29.699 [main] wire - http-outgoing-0 << "X-Timer: S1747485567.901333,VS0,VE108[\r][\n]"
[DEBUG] 2025-05-17 15:39:29.699 [main] wire - http-outgoing-0 << "Vary: Authorization,Accept-Encoding,Origin[\r][\n]"
[DEBUG] 2025-05-17 15:39:29.699 [main] wire - http-outgoing-0 << "Access-Control-Allow-Origin: *[\r][\n]"
[DEBUG] 2025-05-17 15:39:29.699 [main] wire - http-outgoing-0 << "Cross-Origin-Resource-Policy: cross-origin[\r][\n]"
[DEBUG] 2025-05-17 15:39:29.699 [main] wire - http-outgoing-0 << "X-Fastly-Request-ID: d69024bf7a6bc09e47a5d073a63bed211649e410[\r][\n]"
[DEBUG] 2025-05-17 15:39:29.699 [main] wire - http-outgoing-0 << "Expires: Sat, 17 May 2025 12:44:27 GMT[\r][\n]"
[DEBUG] 2025-05-17 15:39:29.699 [main] wire - http-outgoing-0 << "Source-Age: 0[\r][\n]"
[DEBUG] 2025-05-17 15:39:29.699 [main] wire - http-outgoing-0 << "[\r][\n]"
[DEBUG] 2025-05-17 15:39:29.705 [main] headers - http-outgoing-0 << HTTP/1.1 200 OK
[DEBUG] 2025-05-17 15:39:29.706 [main] headers - http-outgoing-0 << Connection: keep-alive
[DEBUG] 2025-05-17 15:39:29.706 [main] headers - http-outgoing-0 << Content-Length: 946
[DEBUG] 2025-05-17 15:39:29.706 [main] headers - http-outgoing-0 << Cache-Control: max-age=300
[DEBUG] 2025-05-17 15:39:29.706 [main] headers - http-outgoing-0 << Content-Security-Policy: default-src 'none'; style-src 'unsafe-inline'; sandbox
[DEBUG] 2025-05-17 15:39:29.706 [main] headers - http-outgoing-0 << Content-Type: text/plain; charset=utf-8
[DEBUG] 2025-05-17 15:39:29.706 [main] headers - http-outgoing-0 << ETag: W/"dc0c32cea2dfa86f6cf10513cf8a64e1e8817484a415b658b4eecd962d4deaee"
[DEBUG] 2025-05-17 15:39:29.706 [main] headers - http-outgoing-0 << Strict-Transport-Security: max-age=31536000
[DEBUG] 2025-05-17 15:39:29.706 [main] headers - http-outgoing-0 << X-Content-Type-Options: nosniff
[DEBUG] 2025-05-17 15:39:29.706 [main] headers - http-outgoing-0 << X-Frame-Options: deny
[DEBUG] 2025-05-17 15:39:29.706 [main] headers - http-outgoing-0 << X-XSS-Protection: 1; mode=block
[DEBUG] 2025-05-17 15:39:29.706 [main] headers - http-outgoing-0 << X-GitHub-Request-Id: E8B0:777CA:714D70:82102B:68103B1B
[DEBUG] 2025-05-17 15:39:29.706 [main] headers - http-outgoing-0 << Content-Encoding: gzip
[DEBUG] 2025-05-17 15:39:29.706 [main] headers - http-outgoing-0 << Accept-Ranges: bytes
[DEBUG] 2025-05-17 15:39:29.706 [main] headers - http-outgoing-0 << Date: Sat, 17 May 2025 12:39:27 GMT
[DEBUG] 2025-05-17 15:39:29.706 [main] headers - http-outgoing-0 << Via: 1.1 varnish
[DEBUG] 2025-05-17 15:39:29.706 [main] headers - http-outgoing-0 << X-Served-By: cache-mrs10521-MRS
[DEBUG] 2025-05-17 15:39:29.706 [main] headers - http-outgoing-0 << X-Cache: HIT
[DEBUG] 2025-05-17 15:39:29.706 [main] headers - http-outgoing-0 << X-Cache-Hits: 0
[DEBUG] 2025-05-17 15:39:29.706 [main] headers - http-outgoing-0 << X-Timer: S1747485567.901333,VS0,VE108
[DEBUG] 2025-05-17 15:39:29.707 [main] headers - http-outgoing-0 << Vary: Authorization,Accept-Encoding,Origin
[DEBUG] 2025-05-17 15:39:29.707 [main] headers - http-outgoing-0 << Access-Control-Allow-Origin: *
[DEBUG] 2025-05-17 15:39:29.707 [main] headers - http-outgoing-0 << Cross-Origin-Resource-Policy: cross-origin
[DEBUG] 2025-05-17 15:39:29.707 [main] headers - http-outgoing-0 << X-Fastly-Request-ID: d69024bf7a6bc09e47a5d073a63bed211649e410
[DEBUG] 2025-05-17 15:39:29.707 [main] headers - http-outgoing-0 << Expires: Sat, 17 May 2025 12:44:27 GMT
[DEBUG] 2025-05-17 15:39:29.707 [main] headers - http-outgoing-0 << Source-Age: 0
[DEBUG] 2025-05-17 15:39:29.714 [main] MainClientExec - ex-0000000001 connection can be kept alive for 3 MINUTES
[DEBUG] 2025-05-17 15:39:29.744 [main] wire - http-outgoing-0 << "[0x1f][0xffffff8b][0x8][0x0][0x0][0x0][0x0][0x0][0x0][0x3][0xffffffb5]X[0xffffffd1]n[0xffffffda]0[0x14]}[0xffffffe7]+,[0xffffffba]J [0x11][0xffffffb2][0x1][0xffffffeb][0xffffffaa]Jy[0xffffffa0][0x19]e[0xffffffd5][0xffffffa8]`[0xffffffd0]v[0xffffff9b][0xffffffe4][0x17][0xffffff93]8`)[0xffffff89]Q[0xffffff9c]@[0xffffffb7][0xffffffa9][0xfffffffb][0xfffffff6]9NB[0xffffffe3]$[0xc]H[0xffffffe0][0xffffffad][0xffffff8e][0xffffff8f][0xffffffef]97[0xffffffdc]s}[0xffffffd3][0xb][0xffffffa0]S[0xffffffc7]A[0xffffffae][0xffffffc9][0xffffff80][0xffffff89]|4G[0xc][0xffffffd7].[0xffffffc0][0xffffffe3][0xffffff92]0`[0x11][0x1b][0x3][0xffffff83][0xffffffba]>".[0x3][0xfffffffe]2\[0xffffffc4]P[0xffffff9f][0xffffff82]9[0x6][0xfffffff8][0x5][0x1b][0xffffff81][0xffffff8f]M@\[0xffffffb1][0xffffffcd][0xffffff96][0xffffffd8][0xffffffb6][0xffffffc3][0x5][0xfffffff5]L[0xffffffec][0xffffff85] [0x13][0xfffffffb][0xffffffd8][0xfffffff0][0xffffffc5][0xffffffe6][0x1a]{[0xffffff8c]P[0xffffffbe]g[0x1][0xffffffcc][0xffffffff]^x[0x18][0xffffffbb]`[0xffffffee][0xffffffd1][\r][0xffffffe3][0x1b][0xffffff9c][0xffffffb2][0xffffffa1]/=[0xffffffea][0xffffffe0][0x16][0xffffffb8]#[0x1e][0xffffffb6][0xffffffe8]K[0xb][0xffffff8c]W[0xffffffd8]C-00[0x17][0xfffffffc][0xffffffa9][0xffffffd8]%[0xffffff81][0xffffffd3][0xc][0xffffffe3][0xffffff9b][0xffffffc4][0xffffffb2][0xffffffb0][0xffffff87]][0x1f][0xffffffd0][0x10][0xffffffe3][0x13]w[0x1][0xffffffd8]/[0xffffffe6]c[0xffffff87][0xffffff81][0xffffffc6]w[0xffffffe2][0xffffff9a]<j[0xb][0xffffff8c][0xffffff88][0x1b][0xfffffff0]0[0xf][0xffffffc8][0x0][0xffffffe3]Y[0xffffffb3][0xffffffc6]9"[0xffffff8a]Z[0xffffff9c]F[0xffffffdb][0x10][0xffffffcb][0xfffffff6]&:[0xffffffd0]~[0xffffffff]A3[0x1c][0xffffffb3][0xffffffcd][0xffffffb3][0x2][0xffffffaa][0xe]6[0xe]1[0xffffffc4]+[0x11][0xffffffaf]a[0xffffffb3][0xffffffe4]|[0xffffffc0]E[0xe][0xffffffd6][0xffffffea][0xffffff97][0xffffff93][0xffffffe9]x8[0xffffffed]?[0xffffffdc][0xffffffdd][0xffffff8f][0x6][0xffffffb3][0x1b][0xffffffa8]Ax[0x9][0xffffffe1][0xffffff90][0xffffffd2][0xffffff85][0xffffff8d]![0xffffff8c]( [0xffffffec][0xffffffaf]V61[0xffffffb8]4[0xffffffea]B[0x18][0x13][0xfffffff1][0xffffffc8]u[0xffffffb0][0xffffffc0]>x[0xffffff8e][0xffffffdf][0xffffff85][0xffffffba]Fv[0xffffffb0][O[0xffffffa7][0xffffff84][0xffffff9e][0xffffffc6][0xffffff8f][0xffffffeb][0xffffffab][0xffffffe6]9Eu[0xf][0x14]5[0x1a][0xffffffeb][0xfffffffd]Q[0x7f]2[0xfffffff9][0xffffffdc][0x7f][0xffffffec][0xffffff9f]SOO[0xffffff9b][0xe][0xffffff86][0xffffffe0][0xffffffdb][0xffffffd3]`[0xfffffffa][0x13]|[0xfffffff9][0xffffffaa]?[0xffffffc1][0x19][0xffffffb5][0xfffffffc][\r][0xfffffff2]p[0xffffffc2][0x16][0xffffff93][0xffffffdd][0xffffff8e]n12D[0xffffffbc][0xffffffa4][0x16]w[0xffffffc6][0xfffffffc][0xffffffa8][0xffffffad][0xffffffe8][0xffffff86]c[0xffffffc2]z[0x16][0xffffffa9]*[0xffffffb1]I@c[0xffffff88]}[0xffffffe5][0xffffff9e][0x17][0x1a][0xffffffa8][0xffffffbf][0xfffffffb][0xffffff83][0xffffffdd][0xfffffff5]M:[0xffffffcd][0xffffffd7][0xc]e:[0xffffffbd]Tv[0xffffffcd]v[0xffffff9c][0xffffffda][0xffffffbd]k[0xffffffd1][0xfffffff6][0xffffffc4][0xffffffa3]f`[0xfffffff8][0xffffffcf]{$][0x1d].)W[0xe][0xffffffe7][0xffffffd4][0xfffffff5][0xffffffa9][0xffffff9c][0xffffffae]SH[0xffffffca]j[0xffffffb2]C[0xffffffbf][0xffffff87].V[0x3][0xffffffe6][0xffffffa9]s[0xffffffe2][0xffffffaa][0xb][0xffffffc1][0xffffffa1]D[0xfffffffb]@Qv[0xfffffffc][0xffffffee][0xfffffff1][0xffffffc1][0xffffff8e][0xffffffb6][0xb][0xffffff9f]=[0xffffffe0] C[0xfffffff0][0xffffffa4]T35J([0xffffffee]1m[0xffffffb4]Z[0xffffffa9]:[0xffffffef][0xffffff9d][0xffffffbc]I1[0xffffff95][0xffffffb7][0xffffffa0][0xfffffff1]L[0x6][0xffffffa4][0xffffffa3][0xfffffff3][0xffffffce][0x14]7[0xffffffbd]-[0xffffff91][0x15][0xffffffad]O[0xffffffd3][0xffffff9b][0x1e][0xffffffe8]ob[0xffffffdb](![0xffffff81]0[0xffffff89][0xffffffbe][0xffffffcf]k9[0x15][0xffffff95];[0xffffffd2][0xffffffe9][0xffffffa4]tS[0xffffffbe][0xffffffaf][0xffffffcb][0xffffffc6][0xffffff8f]I[0xffffffb2]d[0xfffffff5][0xffffffd0][0xfffffffa]z[0xffffffe0][0xffffff85][0x17]G[0xffffffb6][0xffffffac]s[0xffffffe1]{[0xffffff95][0xfffffffc][0x16]1[0xffffffff][0xfffffffd] [0xffffffa5]w[0xffffff90][0xffffffbf]rB[0xffffff8e][0xffffffe8]E[0xffffffb2][0xffffffc1][0xffffff8e][0xffffffd7][0xffffff90][0x13][0xffffff91]wT[0xffffffbc][0x3][0xffffff94][0xfffffff5].pGKar[0xffffffa0]B[0xffffffe7][0xffffffc4][0xffffffbf]O[0xffffff91]g[0xffffffd2][0xffffffb1][0xffffffb8]M[0xffffffc2]Y`[0x1b][0x13][0xfffffff3]E5[0xffffff83][0xffffffc8][0xffffffa5]I[0xc][0xffffff8f]2^C[0x10][0xffffff86]4[0xffffff99][0xffffffdb][0xffffffc9]a[0xffffff82]n_[0xffffff99][0xffffffca][0xffffff9a][0xffffffca][0xffffffd8][0xffffffe5][0xffffff8c]r[0xffffffba];[0xffffffaf][0xffffffca]72[0xffffffc1][0xfffffff5][0xffffffbf][0xffffffbb]R[0xe]Y[0xffffffd2]&[0xffffffaf]Y[0xffffffc6]tr[0xffffffa9][0xffffffdc][0xe][0xffffffb2][0xffffff8c][0xffffffac][0xffffffa8][0xffffffa4]_[0x12][0xffffffe3]V[0xffffff97]U[0xffffff93][0xffffff85][0xffffffe5]=[0xffffffe4]$[0x1c]J[0x8]([0xffffffb8][0xffffff96][0xffffffd2][0xffffffe7]:[0xffffffda]N[0xffffffb8][0xffffff8c]/t[0xffffffd6]6[0x1d][0xffffffe1][0xffffff9c]"[0xffffff83][0xffffffc9][0x8] ]Jb[0x0][0xffffffdf][0xffffffb2][0xffffff88]Q[0xfffffffb]x[0xffffffbf][0x15][0xffffffcd][0xffffff81][0xfffffffc][0xffffff8d]-<[0xffffffe4]0[0x8][0x5][0x5][0xffffff84]Q[0xffffffec]}[0xffffffd5][0xffffff9c]QP[0xffffffc5]][0xffffffa7]QPe[0x16][0xffffff8e]ym[0x14][0xffffffb8][0x6][0xffffffc7][0x1e]K[0xffffffdd][0xffffffab][0xffffff90]|E[0xffffffea][0xffffffd2]7R[0xffffffc4]+[0xffffffd1][0x1e]d[0xfffffff0][0xc][0xffffffff][0x11][0xffffffa3][0xffffffb0]<[0xffffff9d][0xffffff9f][0xffffff88][0xffffffbf][0xfffffff4][0xffffffc8][0xffffffbb]-[0xffffffba]H[0xffffffc8][[0xffffffc9][0xffffff95]Qq][0xfffffff6]-[0xffffff94]S[0xffffff91][0xffffff91][0xffffff91][0xffffffef]j[0xffffffe2]yA3[0xffffff93][0xfffffff0][0x1d]-[0xb][0xffffffcb][0xffffffe0][\n]"
[DEBUG] 2025-05-17 15:39:29.745 [main] wire - http-outgoing-0 << "[0xffffffbb][0xffffff98][0x10]Z[0xffffffd4][0xffffffbc][0xffffffc6][0xffffffd9]`[0xffffffc9]7>[0x9][0x1c]yf[0xffffffe7][0xf]N[0xffffffd3][0xffffffba][0xffffff92][0xfffffff0][0x15]>^%-[0xffffff95]'[0xffffffea]S[0xb]:[0xffffffb4][0xffffffa7][0x15]5[0xffffff96]Sk)=]l[0xffffff85]T[0xfffffffe][0xffffffd4][0xffffff95][0xfffffff4]T[0xffffff9b]-[0xffffffce]$[0xffffffaa]t;[0xffffffac][0xffffffa4]'/([0xffffffdf][0x12][0xffffff92]-%[0xfffffffe]7[0xffffffdf][0xffffffae]/[0xfffffff0][0xffffffd4]in[0xffffff87][0xffffffe3][0xf]u[0xfffffff3][0xffffff94][0x7][0xffffff9c][0xffffffea]i[0x5][0xffffffe0]<[0xffffffba][0xffffffb0]#%[0xffffffaf][0xffffffae][0xffffffa8])[0xffffffe9][0x5]Q/[0xffffffc0][0xc]Y[0xffffffc8]#[0xffffffdb][0xfffffff0]L,[0xffffff8b][0xffffff83]G[0xffffffd0][0xffffffa2][0xffffffd0][0xffffffd1]N*[0xfffffff0]?l[0x1d]d@[0xffffffbe][0x15][0x0][0x0]"
[DEBUG] 2025-05-17 15:39:29.746 [main] InternalHttpClient - ep-0000000001 releasing valid endpoint
[DEBUG] 2025-05-17 15:39:29.746 [main] PoolingHttpClientConnectionManager - ep-0000000001 releasing endpoint
[DEBUG] 2025-05-17 15:39:29.746 [main] PoolingHttpClientConnectionManager - ep-0000000001 connection http-outgoing-0 can be kept alive for 3 MINUTES
[DEBUG] 2025-05-17 15:39:29.747 [main] PoolingHttpClientConnectionManager - ep-0000000001 connection released [route: {s}->https://raw.githubusercontent.com:443][total available: 1; route allocated: 1 of 5; total allocated: 1 of 25]
[DEBUG] 2025-05-17 15:39:29.748 [main] VersionDetector - Detecting chrome version using online commands.properties
[DEBUG] 2025-05-17 15:39:29.752 [main] Shell - Running command on the shell: [cmd.exe, /C, wmic, datafile, where, name="%PROGRAMFILES:\=\\%\\Google\\Chrome\\Application\\chrome.exe", get, Version, /value]
[DEBUG] 2025-05-17 15:39:30.081 [main] Shell - Result: Version=136.0.7103.114
[DEBUG] 2025-05-17 15:39:30.084 [main] ResolutionCache - Resolution chrome136=136.0.7103.94 in cache (valid until 10:23:36 18/05/2025 EEST)
[INFO ] 2025-05-17 15:39:30.084 [main] WebDriverManager - Using chromedriver 136.0.7103.94 (resolved driver for Chrome 136)
[DEBUG] 2025-05-17 15:39:30.091 [main] ResolutionCache - Storing resolution chrome=136 in cache (valid until 16:39:30 17/05/2025 EEST)
[DEBUG] 2025-05-17 15:39:30.103 [main] WebDriverManager - Driver chromedriver 136.0.7103.94 found in cache
[INFO ] 2025-05-17 15:39:30.104 [main] WebDriverManager - Exporting webdriver.chrome.driver as C:\Users\user\.cache\selenium\chromedriver\win64\136.0.7103.94\chromedriver.exe
[INFO ] 2025-05-17 15:39:34.463 [main] LoggerClass - [Browser Action] Maximizing browser window
[INFO ] 2025-05-17 15:39:34.475 [main] LoggerClass - 🔚 Finished Configuration Method: [setup]
[INFO ] 2025-05-17 15:39:34.715 [main] LoggerClass - 🟢 Starting Test Case: [verifyInvalidLogin]
[INFO ] 2025-05-17 15:39:34.727 [main] LoggerClass - [Browser Action] Navigating to URL: https://www.saucedemo.com/
[INFO ] 2025-05-17 15:39:35.900 [main] LoggerClass - Login with username: wrong_user and password: wrong_pass
[INFO ] 2025-05-17 15:39:36.243 [main] LoggerClass - Typed [wrong_user] into element: By.id: user-name
[INFO ] 2025-05-17 15:39:36.404 [main] LoggerClass - Typed [wrong_pass] into element: By.id: password
[INFO ] 2025-05-17 15:39:36.663 [main] LoggerClass - Clicked on element: By.id: login-button
[INFO ] 2025-05-17 15:39:36.710 [main] LoggerClass - [VALIDATION INFO] Verify error message on invalid login
[INFO ] 2025-05-17 15:39:36.711 [main] LoggerClass - [VALIDATION PASS] Verify error message on invalid login
[INFO ] 2025-05-17 15:39:36.715 [main] LoggerClass - 🔵 Finished Test Case: [verifyInvalidLogin]
[INFO ] 2025-05-17 15:39:36.742 [main] LoggerClass - 🔧 Executing Configuration Method: [tearDown]
[INFO ] 2025-05-17 15:39:36.743 [main] LoggerClass - [Browser Action] Closing all browser windows
[INFO ] 2025-05-17 15:39:38.279 [main] LoggerClass - 🔚 Finished Configuration Method: [tearDown]
[INFO ] 2025-05-17 15:39:38.290 [main] LoggerClass - ********************** Test Context Finished: [AutoTask] **********************
[INFO ] 2025-05-17 15:39:38.326 [main] LoggerClass - 🧾 Finishing Test Suite: Default Suite
